<?xml version="1.0" encoding="UTF-8"?>
<coverage generated="1546966061775" clover="3.2.0">
  <project timestamp="1546966061775" name="All files">
    <metrics statements="211" coveredstatements="210" conditionals="115" coveredconditionals="112" methods="62" coveredmethods="62" elements="388" coveredelements="384" complexity="0" loc="211" ncloc="211" packages="5" files="18" classes="18">
      <package name="actions">
        <metrics statements="14" coveredstatements="14" conditionals="0" coveredconditionals="0" methods="7" coveredmethods="7"/>
        <file name="actionTypes.js" path="/home/arzion-lenovo1/Documents/Gianfranco/reverdux/src/actions/actionTypes.js">
          <metrics statements="7" coveredstatements="7" conditionals="0" coveredconditionals="0" methods="0" coveredmethods="0"/>
          <line num="1" count="10" type="stmt"/>
          <line num="2" count="10" type="stmt"/>
          <line num="3" count="10" type="stmt"/>
          <line num="4" count="10" type="stmt"/>
          <line num="5" count="10" type="stmt"/>
          <line num="6" count="10" type="stmt"/>
          <line num="7" count="10" type="stmt"/>
        </file>
        <file name="gameActions.js" path="/home/arzion-lenovo1/Documents/Gianfranco/reverdux/src/actions/gameActions.js">
          <metrics statements="7" coveredstatements="7" conditionals="0" coveredconditionals="0" methods="7" coveredmethods="7"/>
          <line num="6" count="2" type="stmt"/>
          <line num="12" count="2" type="stmt"/>
          <line num="19" count="3" type="stmt"/>
          <line num="25" count="2" type="stmt"/>
          <line num="31" count="2" type="stmt"/>
          <line num="39" count="2" type="stmt"/>
          <line num="46" count="2" type="stmt"/>
        </file>
      </package>
      <package name="components">
        <metrics statements="60" coveredstatements="60" conditionals="24" coveredconditionals="24" methods="20" coveredmethods="20"/>
        <file name="app-layout.js" path="/home/arzion-lenovo1/Documents/Gianfranco/reverdux/src/components/app-layout.js">
          <metrics statements="3" coveredstatements="3" conditionals="0" coveredconditionals="0" methods="1" coveredmethods="1"/>
          <line num="8" count="1" type="stmt"/>
          <line num="11" count="1" type="stmt"/>
          <line num="25" count="2" type="stmt"/>
        </file>
        <file name="board.js" path="/home/arzion-lenovo1/Documents/Gianfranco/reverdux/src/components/board.js">
          <metrics statements="6" coveredstatements="6" conditionals="0" coveredconditionals="0" methods="2" coveredmethods="2"/>
          <line num="10" count="4" type="stmt"/>
          <line num="13" count="4" type="stmt"/>
          <line num="14" count="4" type="stmt"/>
          <line num="15" count="256" type="stmt"/>
          <line num="18" count="4" type="stmt"/>
          <line num="23" count="4" type="stmt"/>
        </file>
        <file name="button.js" path="/home/arzion-lenovo1/Documents/Gianfranco/reverdux/src/components/button.js">
          <metrics statements="7" coveredstatements="7" conditionals="2" coveredconditionals="2" methods="2" coveredmethods="2"/>
          <line num="8" count="13" type="stmt"/>
          <line num="12" count="13" type="stmt"/>
          <line num="13" count="13" type="stmt"/>
          <line num="14" count="2" type="cond" truecount="2" falsecount="0"/>
          <line num="15" count="1" type="stmt"/>
          <line num="18" count="13" type="stmt"/>
          <line num="34" count="7" type="stmt"/>
        </file>
        <file name="cell.js" path="/home/arzion-lenovo1/Documents/Gianfranco/reverdux/src/components/cell.js">
          <metrics statements="9" coveredstatements="9" conditionals="4" coveredconditionals="4" methods="3" coveredmethods="3"/>
          <line num="9" count="262" type="stmt"/>
          <line num="12" count="262" type="stmt"/>
          <line num="13" count="2" type="cond" truecount="2" falsecount="0"/>
          <line num="14" count="1" type="stmt"/>
          <line num="17" count="262" type="stmt"/>
          <line num="18" count="262" type="cond" truecount="2" falsecount="0"/>
          <line num="20" count="262" type="stmt"/>
          <line num="25" count="1" type="stmt"/>
          <line num="35" count="5" type="stmt"/>
        </file>
        <file name="game-layout.js" path="/home/arzion-lenovo1/Documents/Gianfranco/reverdux/src/components/game-layout.js">
          <metrics statements="2" coveredstatements="2" conditionals="2" coveredconditionals="2" methods="1" coveredmethods="1"/>
          <line num="14" count="2" type="stmt"/>
          <line num="45" count="2" type="stmt"/>
        </file>
        <file name="menu.js" path="/home/arzion-lenovo1/Documents/Gianfranco/reverdux/src/components/menu.js">
          <metrics statements="2" coveredstatements="2" conditionals="4" coveredconditionals="4" methods="1" coveredmethods="1"/>
          <line num="11" count="2" type="cond" truecount="4" falsecount="0"/>
          <line num="45" count="2" type="stmt"/>
        </file>
        <file name="player-input.js" path="/home/arzion-lenovo1/Documents/Gianfranco/reverdux/src/components/player-input.js">
          <metrics statements="5" coveredstatements="5" conditionals="0" coveredconditionals="0" methods="2" coveredmethods="2"/>
          <line num="5" count="3" type="stmt"/>
          <line num="6" count="3" type="stmt"/>
          <line num="8" count="3" type="stmt"/>
          <line num="16" count="1" type="stmt"/>
          <line num="25" count="3" type="stmt"/>
        </file>
        <file name="record-board.js" path="/home/arzion-lenovo1/Documents/Gianfranco/reverdux/src/components/record-board.js">
          <metrics statements="2" coveredstatements="2" conditionals="0" coveredconditionals="0" methods="1" coveredmethods="1"/>
          <line num="8" count="1" type="stmt"/>
          <line num="23" count="2" type="stmt"/>
        </file>
        <file name="records.js" path="/home/arzion-lenovo1/Documents/Gianfranco/reverdux/src/components/records.js">
          <metrics statements="10" coveredstatements="10" conditionals="8" coveredconditionals="8" methods="4" coveredmethods="4"/>
          <line num="10" count="3" type="stmt"/>
          <line num="11" count="3" type="stmt"/>
          <line num="12" count="3" type="cond" truecount="2" falsecount="0"/>
          <line num="13" count="3" type="cond" truecount="2" falsecount="0"/>
          <line num="14" count="3" type="cond" truecount="2" falsecount="0"/>
          <line num="15" count="3" type="stmt"/>
          <line num="18" count="3" type="stmt"/>
          <line num="26" count="3" type="stmt"/>
          <line num="30" count="1" type="stmt"/>
          <line num="47" count="3" type="stmt"/>
        </file>
        <file name="score.js" path="/home/arzion-lenovo1/Documents/Gianfranco/reverdux/src/components/score.js">
          <metrics statements="2" coveredstatements="2" conditionals="0" coveredconditionals="0" methods="1" coveredmethods="1"/>
          <line num="6" count="4" type="stmt"/>
          <line num="33" count="4" type="stmt"/>
        </file>
        <file name="turn.js" path="/home/arzion-lenovo1/Documents/Gianfranco/reverdux/src/components/turn.js">
          <metrics statements="8" coveredstatements="8" conditionals="4" coveredconditionals="4" methods="1" coveredmethods="1"/>
          <line num="11" count="5" type="stmt"/>
          <line num="15" count="5" type="stmt"/>
          <line num="19" count="5" type="stmt"/>
          <line num="25" count="5" type="stmt"/>
          <line num="29" count="5" type="cond" truecount="2" falsecount="0"/>
          <line num="30" count="5" type="stmt"/>
          <line num="31" count="5" type="cond" truecount="2" falsecount="0"/>
          <line num="64" count="4" type="stmt"/>
        </file>
        <file name="winner-message.js" path="/home/arzion-lenovo1/Documents/Gianfranco/reverdux/src/components/winner-message.js">
          <metrics statements="4" coveredstatements="4" conditionals="0" coveredconditionals="0" methods="1" coveredmethods="1"/>
          <line num="7" count="2" type="stmt"/>
          <line num="11" count="2" type="stmt"/>
          <line num="15" count="2" type="stmt"/>
          <line num="29" count="3" type="stmt"/>
        </file>
      </package>
      <package name="containers">
        <metrics statements="8" coveredstatements="8" conditionals="17" coveredconditionals="17" methods="3" coveredmethods="3"/>
        <file name="game.js" path="/home/arzion-lenovo1/Documents/Gianfranco/reverdux/src/containers/game.js">
          <metrics statements="8" coveredstatements="8" conditionals="17" coveredconditionals="17" methods="3" coveredmethods="3"/>
          <line num="19" count="4" type="stmt"/>
          <line num="20" count="4" type="cond" truecount="5" falsecount="0"/>
          <line num="21" count="4" type="cond" truecount="3" falsecount="0"/>
          <line num="22" count="4" type="cond" truecount="3" falsecount="0"/>
          <line num="23" count="4" type="stmt"/>
          <line num="60" count="4" type="stmt"/>
          <line num="77" count="4" type="stmt"/>
          <line num="82" count="1" type="stmt"/>
        </file>
      </package>
      <package name="libs">
        <metrics statements="118" coveredstatements="117" conditionals="63" coveredconditionals="61" methods="31" coveredmethods="31"/>
        <file name="board-libs.js" path="/home/arzion-lenovo1/Documents/Gianfranco/reverdux/src/libs/board-libs.js">
          <metrics statements="118" coveredstatements="117" conditionals="63" coveredconditionals="61" methods="31" coveredmethods="31"/>
          <line num="1" count="11" type="stmt"/>
          <line num="3" count="11" type="stmt"/>
          <line num="4" count="1094" type="cond" truecount="2" falsecount="0"/>
          <line num="5" count="547" type="stmt"/>
          <line num="8" count="3495" type="stmt"/>
          <line num="10" count="11" type="stmt"/>
          <line num="11" count="265" type="cond" truecount="2" falsecount="0"/>
          <line num="12" count="10" type="stmt"/>
          <line num="14" count="255" type="cond" truecount="2" falsecount="0"/>
          <line num="15" count="10" type="stmt"/>
          <line num="17" count="245" type="stmt"/>
          <line num="20" count="222" type="cond" truecount="2" falsecount="0"/>
          <line num="21" count="11" type="stmt"/>
          <line num="22" count="11" type="stmt"/>
          <line num="23" count="11" type="stmt"/>
          <line num="24" count="344" type="cond" truecount="2" falsecount="0"/>
          <line num="25" count="26" type="stmt"/>
          <line num="28" count="11" type="stmt"/>
          <line num="30" count="11" type="stmt"/>
          <line num="31" count="2" type="cond" truecount="2" falsecount="0"/>
          <line num="34" count="11" type="stmt"/>
          <line num="35" count="2" type="cond" truecount="3" falsecount="0"/>
          <line num="38" count="11" type="stmt"/>
          <line num="42" count="11" type="stmt"/>
          <line num="43" count="9" type="cond" truecount="2" falsecount="0"/>
          <line num="46" count="11" type="stmt"/>
          <line num="48" count="452" type="cond" truecount="2" falsecount="0"/>
          <line num="49" count="420" type="stmt"/>
          <line num="51" count="32" type="stmt"/>
          <line num="54" count="11" type="stmt"/>
          <line num="55" count="574" type="cond" truecount="6" falsecount="0"/>
          <line num="56" count="353" type="stmt"/>
          <line num="58" count="221" type="stmt"/>
          <line num="61" count="11" type="stmt"/>
          <line num="62" count="220" type="stmt"/>
          <line num="63" count="220" type="stmt"/>
          <line num="64" count="220" type="stmt"/>
          <line num="65" count="220" type="stmt"/>
          <line num="66" count="126" type="stmt"/>
          <line num="67" count="126" type="stmt"/>
          <line num="68" count="126" type="stmt"/>
          <line num="69" count="126" type="stmt"/>
          <line num="70" count="126" type="stmt"/>
          <line num="71" count="126" type="cond" truecount="2" falsecount="0"/>
          <line num="72" count="125" type="stmt"/>
          <line num="75" count="220" type="cond" truecount="2" falsecount="0"/>
          <line num="76" count="30" type="stmt"/>
          <line num="78" count="190" type="cond" truecount="2" falsecount="0"/>
          <line num="79" count="64" type="stmt"/>
          <line num="81" count="126" type="cond" truecount="1" falsecount="1"/>
          <line num="82" count="126" type="stmt"/>
          <line num="86" count="11" type="stmt"/>
          <line num="87" count="421" type="stmt"/>
          <line num="88" count="3368" type="stmt"/>
          <line num="89" count="3368" type="stmt"/>
          <line num="90" count="3368" type="stmt"/>
          <line num="99" count="11" type="stmt"/>
          <line num="100" count="3362" type="stmt"/>
          <line num="101" count="3362" type="cond" truecount="4" falsecount="0"/>
          <line num="103" count="444" type="stmt"/>
          <line num="105" count="2918" type="stmt"/>
          <line num="108" count="11" type="stmt"/>
          <line num="109" count="420" type="stmt"/>
          <line num="110" count="420" type="stmt"/>
          <line num="111" count="3360" type="cond" truecount="2" falsecount="0"/>
          <line num="112" count="444" type="cond" truecount="2" falsecount="0"/>
          <line num="113" count="94" type="stmt"/>
          <line num="114" count="94" type="stmt"/>
          <line num="121" count="94" type="stmt"/>
          <line num="125" count="420" type="stmt"/>
          <line num="128" count="16" type="cond" truecount="2" falsecount="0"/>
          <line num="130" count="11" type="stmt"/>
          <line num="132" count="2" type="stmt"/>
          <line num="133" count="316" type="cond" truecount="2" falsecount="0"/>
          <line num="137" count="11" type="stmt"/>
          <line num="138" count="9" type="stmt"/>
          <line num="139" count="9" type="stmt"/>
          <line num="141" count="9" type="stmt"/>
          <line num="142" count="448" type="stmt"/>
          <line num="143" count="448" type="cond" truecount="2" falsecount="0"/>
          <line num="144" count="418" type="stmt"/>
          <line num="145" count="418" type="stmt"/>
          <line num="146" count="418" type="stmt"/>
          <line num="148" count="448" type="cond" truecount="2" falsecount="0"/>
          <line num="149" count="26" type="stmt"/>
          <line num="152" count="9" type="stmt"/>
          <line num="155" count="11" type="stmt"/>
          <line num="156" count="2" type="stmt"/>
          <line num="157" count="2" type="stmt"/>
          <line num="158" count="2" type="stmt"/>
          <line num="159" count="2" type="stmt"/>
          <line num="160" count="2" type="stmt"/>
          <line num="162" count="2" type="stmt"/>
          <line num="163" count="2" type="cond" truecount="2" falsecount="0"/>
          <line num="164" count="1" type="stmt"/>
          <line num="166" count="2" type="cond" truecount="2" falsecount="0"/>
          <line num="167" count="1" type="stmt"/>
          <line num="168" count="1" type="stmt"/>
          <line num="169" count="1" type="stmt"/>
          <line num="171" count="1" type="stmt"/>
          <line num="172" count="1" type="stmt"/>
          <line num="178" count="1" type="stmt"/>
          <line num="179" count="1" type="cond" truecount="1" falsecount="1"/>
          <line num="180" count="0" type="stmt"/>
          <line num="182" count="1" type="stmt"/>
          <line num="184" count="1" type="stmt"/>
          <line num="195" count="1" type="stmt"/>
          <line num="198" count="11" type="stmt"/>
          <line num="199" count="4" type="stmt"/>
          <line num="200" count="4" type="cond" truecount="4" falsecount="0"/>
          <line num="201" count="4" type="cond" truecount="4" falsecount="0"/>
          <line num="202" count="4" type="stmt"/>
          <line num="208" count="11" type="stmt"/>
          <line num="209" count="2" type="stmt"/>
          <line num="210" count="2" type="stmt"/>
          <line num="218" count="17" type="stmt"/>
          <line num="229" count="11" type="stmt"/>
          <line num="230" count="11" type="stmt"/>
        </file>
      </package>
      <package name="reducers">
        <metrics statements="11" coveredstatements="11" conditionals="11" coveredconditionals="10" methods="1" coveredmethods="1"/>
        <file name="game.js" path="/home/arzion-lenovo1/Documents/Gianfranco/reverdux/src/reducers/game.js">
          <metrics statements="9" coveredstatements="9" conditionals="9" coveredconditionals="9" methods="1" coveredmethods="1"/>
          <line num="15" count="18" type="cond" truecount="8" falsecount="0"/>
          <line num="17" count="2" type="stmt"/>
          <line num="27" count="1" type="stmt"/>
          <line num="32" count="1" type="stmt"/>
          <line num="37" count="1" type="stmt"/>
          <line num="40" count="1" type="stmt"/>
          <line num="43" count="1" type="stmt"/>
          <line num="45" count="1" type="stmt"/>
          <line num="47" count="10" type="stmt"/>
        </file>
        <file name="store.js" path="/home/arzion-lenovo1/Documents/Gianfranco/reverdux/src/reducers/store.js">
          <metrics statements="2" coveredstatements="2" conditionals="2" coveredconditionals="1" methods="0" coveredmethods="0"/>
          <line num="5" count="9" type="stmt"/>
          <line num="32" count="9" type="stmt"/>
        </file>
      </package>
    </metrics>
  </project>
</coverage>
