<?xml version="1.0" encoding="UTF-8"?>
<coverage generated="1546890819895" clover="3.2.0">
  <project timestamp="1546890819895" name="All files">
    <metrics statements="221" coveredstatements="189" conditionals="114" coveredconditionals="93" methods="60" coveredmethods="54" elements="395" coveredelements="336" complexity="0" loc="221" ncloc="221" packages="5" files="18" classes="18">
      <package name="actions">
        <metrics statements="14" coveredstatements="14" conditionals="0" coveredconditionals="0" methods="7" coveredmethods="7"/>
        <file name="actionTypes.js" path="/home/arzion-lenovo1/Documents/Gianfranco/reverdux/src/actions/actionTypes.js">
          <metrics statements="7" coveredstatements="7" conditionals="0" coveredconditionals="0" methods="0" coveredmethods="0"/>
          <line num="1" count="9" type="stmt"/>
          <line num="2" count="9" type="stmt"/>
          <line num="3" count="9" type="stmt"/>
          <line num="4" count="9" type="stmt"/>
          <line num="5" count="9" type="stmt"/>
          <line num="6" count="9" type="stmt"/>
          <line num="7" count="9" type="stmt"/>
        </file>
        <file name="gameActions.js" path="/home/arzion-lenovo1/Documents/Gianfranco/reverdux/src/actions/gameActions.js">
          <metrics statements="7" coveredstatements="7" conditionals="0" coveredconditionals="0" methods="7" coveredmethods="7"/>
          <line num="6" count="2" type="stmt"/>
          <line num="12" count="2" type="stmt"/>
          <line num="19" count="2" type="stmt"/>
          <line num="25" count="2" type="stmt"/>
          <line num="31" count="2" type="stmt"/>
          <line num="39" count="2" type="stmt"/>
          <line num="46" count="2" type="stmt"/>
        </file>
      </package>
      <package name="components">
        <metrics statements="60" coveredstatements="60" conditionals="24" coveredconditionals="24" methods="20" coveredmethods="20"/>
        <file name="app-layout.js" path="/home/arzion-lenovo1/Documents/Gianfranco/reverdux/src/components/app-layout.js">
          <metrics statements="3" coveredstatements="3" conditionals="0" coveredconditionals="0" methods="1" coveredmethods="1"/>
          <line num="8" count="1" type="stmt"/>
          <line num="11" count="1" type="stmt"/>
          <line num="25" count="1" type="stmt"/>
        </file>
        <file name="board.js" path="/home/arzion-lenovo1/Documents/Gianfranco/reverdux/src/components/board.js">
          <metrics statements="6" coveredstatements="6" conditionals="0" coveredconditionals="0" methods="2" coveredmethods="2"/>
          <line num="10" count="4" type="stmt"/>
          <line num="13" count="4" type="stmt"/>
          <line num="14" count="4" type="stmt"/>
          <line num="15" count="256" type="stmt"/>
          <line num="18" count="4" type="stmt"/>
          <line num="23" count="3" type="stmt"/>
        </file>
        <file name="button.js" path="/home/arzion-lenovo1/Documents/Gianfranco/reverdux/src/components/button.js">
          <metrics statements="7" coveredstatements="7" conditionals="2" coveredconditionals="2" methods="2" coveredmethods="2"/>
          <line num="8" count="13" type="stmt"/>
          <line num="12" count="13" type="stmt"/>
          <line num="13" count="13" type="stmt"/>
          <line num="14" count="2" type="cond" truecount="2" falsecount="0"/>
          <line num="15" count="1" type="stmt"/>
          <line num="18" count="13" type="stmt"/>
          <line num="34" count="6" type="stmt"/>
        </file>
        <file name="cell.js" path="/home/arzion-lenovo1/Documents/Gianfranco/reverdux/src/components/cell.js">
          <metrics statements="9" coveredstatements="9" conditionals="4" coveredconditionals="4" methods="3" coveredmethods="3"/>
          <line num="9" count="262" type="stmt"/>
          <line num="12" count="262" type="stmt"/>
          <line num="13" count="2" type="cond" truecount="2" falsecount="0"/>
          <line num="14" count="1" type="stmt"/>
          <line num="17" count="262" type="stmt"/>
          <line num="18" count="262" type="cond" truecount="2" falsecount="0"/>
          <line num="20" count="262" type="stmt"/>
          <line num="25" count="1" type="stmt"/>
          <line num="35" count="4" type="stmt"/>
        </file>
        <file name="game-layout.js" path="/home/arzion-lenovo1/Documents/Gianfranco/reverdux/src/components/game-layout.js">
          <metrics statements="2" coveredstatements="2" conditionals="2" coveredconditionals="2" methods="1" coveredmethods="1"/>
          <line num="14" count="2" type="stmt"/>
          <line num="45" count="1" type="stmt"/>
        </file>
        <file name="menu.js" path="/home/arzion-lenovo1/Documents/Gianfranco/reverdux/src/components/menu.js">
          <metrics statements="2" coveredstatements="2" conditionals="4" coveredconditionals="4" methods="1" coveredmethods="1"/>
          <line num="11" count="2" type="cond" truecount="4" falsecount="0"/>
          <line num="45" count="1" type="stmt"/>
        </file>
        <file name="player-input.js" path="/home/arzion-lenovo1/Documents/Gianfranco/reverdux/src/components/player-input.js">
          <metrics statements="5" coveredstatements="5" conditionals="0" coveredconditionals="0" methods="2" coveredmethods="2"/>
          <line num="5" count="2" type="stmt"/>
          <line num="6" count="3" type="stmt"/>
          <line num="8" count="3" type="stmt"/>
          <line num="16" count="1" type="stmt"/>
          <line num="25" count="2" type="stmt"/>
        </file>
        <file name="record-board.js" path="/home/arzion-lenovo1/Documents/Gianfranco/reverdux/src/components/record-board.js">
          <metrics statements="2" coveredstatements="2" conditionals="0" coveredconditionals="0" methods="1" coveredmethods="1"/>
          <line num="8" count="1" type="stmt"/>
          <line num="23" count="1" type="stmt"/>
        </file>
        <file name="records.js" path="/home/arzion-lenovo1/Documents/Gianfranco/reverdux/src/components/records.js">
          <metrics statements="10" coveredstatements="10" conditionals="8" coveredconditionals="8" methods="4" coveredmethods="4"/>
          <line num="10" count="3" type="stmt"/>
          <line num="11" count="3" type="stmt"/>
          <line num="12" count="3" type="cond" truecount="2" falsecount="0"/>
          <line num="13" count="3" type="cond" truecount="2" falsecount="0"/>
          <line num="14" count="3" type="cond" truecount="2" falsecount="0"/>
          <line num="15" count="3" type="stmt"/>
          <line num="18" count="3" type="stmt"/>
          <line num="26" count="3" type="stmt"/>
          <line num="30" count="1" type="stmt"/>
          <line num="47" count="2" type="stmt"/>
        </file>
        <file name="score.js" path="/home/arzion-lenovo1/Documents/Gianfranco/reverdux/src/components/score.js">
          <metrics statements="2" coveredstatements="2" conditionals="0" coveredconditionals="0" methods="1" coveredmethods="1"/>
          <line num="6" count="4" type="stmt"/>
          <line num="33" count="3" type="stmt"/>
        </file>
        <file name="turn.js" path="/home/arzion-lenovo1/Documents/Gianfranco/reverdux/src/components/turn.js">
          <metrics statements="8" coveredstatements="8" conditionals="4" coveredconditionals="4" methods="1" coveredmethods="1"/>
          <line num="11" count="5" type="stmt"/>
          <line num="15" count="5" type="stmt"/>
          <line num="19" count="5" type="stmt"/>
          <line num="25" count="5" type="stmt"/>
          <line num="29" count="5" type="cond" truecount="2" falsecount="0"/>
          <line num="30" count="5" type="stmt"/>
          <line num="31" count="5" type="cond" truecount="2" falsecount="0"/>
          <line num="64" count="3" type="stmt"/>
        </file>
        <file name="winner-message.js" path="/home/arzion-lenovo1/Documents/Gianfranco/reverdux/src/components/winner-message.js">
          <metrics statements="4" coveredstatements="4" conditionals="0" coveredconditionals="0" methods="1" coveredmethods="1"/>
          <line num="7" count="2" type="stmt"/>
          <line num="11" count="2" type="stmt"/>
          <line num="15" count="2" type="stmt"/>
          <line num="29" count="2" type="stmt"/>
        </file>
      </package>
      <package name="containers">
        <metrics statements="18" coveredstatements="0" conditionals="12" coveredconditionals="0" methods="2" coveredmethods="0"/>
        <file name="game.js" path="/home/arzion-lenovo1/Documents/Gianfranco/reverdux/src/containers/game.js">
          <metrics statements="18" coveredstatements="0" conditionals="12" coveredconditionals="0" methods="2" coveredmethods="0"/>
          <line num="1" count="0" type="stmt"/>
          <line num="2" count="0" type="stmt"/>
          <line num="3" count="0" type="stmt"/>
          <line num="4" count="0" type="stmt"/>
          <line num="5" count="0" type="stmt"/>
          <line num="6" count="0" type="stmt"/>
          <line num="7" count="0" type="stmt"/>
          <line num="8" count="0" type="stmt"/>
          <line num="9" count="0" type="stmt"/>
          <line num="10" count="0" type="stmt"/>
          <line num="13" count="0" type="stmt"/>
          <line num="19" count="0" type="stmt"/>
          <line num="20" count="0" type="cond" truecount="0" falsecount="3"/>
          <line num="21" count="0" type="cond" truecount="0" falsecount="3"/>
          <line num="22" count="0" type="stmt"/>
          <line num="59" count="0" type="stmt"/>
          <line num="76" count="0" type="stmt"/>
          <line num="81" count="0" type="stmt"/>
        </file>
      </package>
      <package name="libs">
        <metrics statements="118" coveredstatements="104" conditionals="67" coveredconditionals="59" methods="30" coveredmethods="26"/>
        <file name="board-libs.js" path="/home/arzion-lenovo1/Documents/Gianfranco/reverdux/src/libs/board-libs.js">
          <metrics statements="118" coveredstatements="104" conditionals="67" coveredconditionals="59" methods="30" coveredmethods="26"/>
          <line num="1" count="10" type="stmt"/>
          <line num="3" count="10" type="stmt"/>
          <line num="4" count="770" type="cond" truecount="2" falsecount="0"/>
          <line num="5" count="385" type="stmt"/>
          <line num="8" count="2493" type="stmt"/>
          <line num="10" count="10" type="stmt"/>
          <line num="11" count="265" type="cond" truecount="2" falsecount="0"/>
          <line num="12" count="10" type="stmt"/>
          <line num="14" count="255" type="cond" truecount="2" falsecount="0"/>
          <line num="15" count="10" type="stmt"/>
          <line num="17" count="245" type="stmt"/>
          <line num="20" count="150" type="cond" truecount="2" falsecount="0"/>
          <line num="21" count="10" type="stmt"/>
          <line num="22" count="7" type="stmt"/>
          <line num="23" count="7" type="stmt"/>
          <line num="24" count="208" type="cond" truecount="2" falsecount="0"/>
          <line num="25" count="17" type="stmt"/>
          <line num="28" count="7" type="stmt"/>
          <line num="30" count="10" type="stmt"/>
          <line num="31" count="2" type="cond" truecount="2" falsecount="0"/>
          <line num="34" count="10" type="stmt"/>
          <line num="35" count="1" type="cond" truecount="3" falsecount="0"/>
          <line num="38" count="10" type="stmt"/>
          <line num="42" count="10" type="stmt"/>
          <line num="43" count="9" type="cond" truecount="2" falsecount="0"/>
          <line num="46" count="10" type="stmt"/>
          <line num="48" count="323" type="cond" truecount="2" falsecount="0"/>
          <line num="49" count="300" type="stmt"/>
          <line num="51" count="23" type="stmt"/>
          <line num="54" count="10" type="stmt"/>
          <line num="55" count="402" type="cond" truecount="6" falsecount="0"/>
          <line num="56" count="253" type="stmt"/>
          <line num="58" count="149" type="stmt"/>
          <line num="61" count="10" type="stmt"/>
          <line num="62" count="148" type="stmt"/>
          <line num="63" count="148" type="stmt"/>
          <line num="64" count="148" type="stmt"/>
          <line num="66" count="148" type="cond" truecount="2" falsecount="0"/>
          <line num="67" count="22" type="stmt"/>
          <line num="69" count="126" type="cond" truecount="2" falsecount="0"/>
          <line num="70" count="42" type="stmt"/>
          <line num="72" count="84" type="cond" truecount="1" falsecount="1"/>
          <line num="73" count="84" type="stmt"/>
          <line num="74" count="84" type="stmt"/>
          <line num="75" count="84" type="stmt"/>
          <line num="76" count="84" type="stmt"/>
          <line num="77" count="84" type="stmt"/>
          <line num="78" count="84" type="cond" truecount="2" falsecount="0"/>
          <line num="79" count="83" type="stmt"/>
          <line num="83" count="10" type="stmt"/>
          <line num="84" count="301" type="stmt"/>
          <line num="85" count="2408" type="stmt"/>
          <line num="86" count="2408" type="stmt"/>
          <line num="87" count="2408" type="stmt"/>
          <line num="96" count="10" type="stmt"/>
          <line num="97" count="2402" type="stmt"/>
          <line num="98" count="2402" type="cond" truecount="4" falsecount="0"/>
          <line num="100" count="314" type="stmt"/>
          <line num="102" count="2088" type="stmt"/>
          <line num="105" count="10" type="stmt"/>
          <line num="106" count="300" type="stmt"/>
          <line num="107" count="300" type="stmt"/>
          <line num="108" count="2400" type="cond" truecount="2" falsecount="0"/>
          <line num="109" count="314" type="cond" truecount="2" falsecount="0"/>
          <line num="110" count="64" type="stmt"/>
          <line num="111" count="64" type="stmt"/>
          <line num="118" count="64" type="cond" truecount="3" falsecount="1"/>
          <line num="119" count="0" type="stmt"/>
          <line num="121" count="64" type="stmt"/>
          <line num="125" count="300" type="stmt"/>
          <line num="128" count="12" type="cond" truecount="2" falsecount="0"/>
          <line num="130" count="10" type="stmt"/>
          <line num="132" count="0" type="stmt"/>
          <line num="133" count="0" type="cond" truecount="0" falsecount="2"/>
          <line num="137" count="10" type="stmt"/>
          <line num="138" count="7" type="stmt"/>
          <line num="139" count="7" type="stmt"/>
          <line num="141" count="7" type="stmt"/>
          <line num="142" count="320" type="stmt"/>
          <line num="143" count="320" type="cond" truecount="2" falsecount="0"/>
          <line num="144" count="299" type="stmt"/>
          <line num="145" count="299" type="stmt"/>
          <line num="146" count="299" type="stmt"/>
          <line num="148" count="320" type="cond" truecount="2" falsecount="0"/>
          <line num="149" count="19" type="stmt"/>
          <line num="152" count="7" type="stmt"/>
          <line num="155" count="10" type="stmt"/>
          <line num="156" count="1" type="stmt"/>
          <line num="157" count="1" type="stmt"/>
          <line num="158" count="1" type="stmt"/>
          <line num="159" count="1" type="stmt"/>
          <line num="160" count="1" type="stmt"/>
          <line num="162" count="1" type="stmt"/>
          <line num="163" count="1" type="cond" truecount="1" falsecount="1"/>
          <line num="164" count="0" type="stmt"/>
          <line num="166" count="1" type="cond" truecount="1" falsecount="1"/>
          <line num="167" count="0" type="stmt"/>
          <line num="168" count="0" type="stmt"/>
          <line num="169" count="0" type="stmt"/>
          <line num="171" count="0" type="stmt"/>
          <line num="172" count="0" type="stmt"/>
          <line num="178" count="0" type="stmt"/>
          <line num="179" count="0" type="cond" truecount="0" falsecount="2"/>
          <line num="180" count="0" type="stmt"/>
          <line num="182" count="0" type="stmt"/>
          <line num="184" count="0" type="stmt"/>
          <line num="195" count="1" type="stmt"/>
          <line num="198" count="10" type="stmt"/>
          <line num="199" count="4" type="stmt"/>
          <line num="200" count="4" type="cond" truecount="4" falsecount="0"/>
          <line num="201" count="4" type="cond" truecount="4" falsecount="0"/>
          <line num="202" count="4" type="stmt"/>
          <line num="208" count="10" type="stmt"/>
          <line num="209" count="2" type="stmt"/>
          <line num="210" count="2" type="stmt"/>
          <line num="218" count="14" type="stmt"/>
          <line num="229" count="10" type="stmt"/>
          <line num="230" count="10" type="stmt"/>
        </file>
      </package>
      <package name="reducers">
        <metrics statements="11" coveredstatements="11" conditionals="11" coveredconditionals="10" methods="1" coveredmethods="1"/>
        <file name="game.js" path="/home/arzion-lenovo1/Documents/Gianfranco/reverdux/src/reducers/game.js">
          <metrics statements="9" coveredstatements="9" conditionals="9" coveredconditionals="9" methods="1" coveredmethods="1"/>
          <line num="15" count="16" type="cond" truecount="8" falsecount="0"/>
          <line num="17" count="1" type="stmt"/>
          <line num="27" count="1" type="stmt"/>
          <line num="32" count="1" type="stmt"/>
          <line num="37" count="1" type="stmt"/>
          <line num="40" count="1" type="stmt"/>
          <line num="43" count="1" type="stmt"/>
          <line num="45" count="1" type="stmt"/>
          <line num="47" count="9" type="stmt"/>
        </file>
        <file name="store.js" path="/home/arzion-lenovo1/Documents/Gianfranco/reverdux/src/reducers/store.js">
          <metrics statements="2" coveredstatements="2" conditionals="2" coveredconditionals="1" methods="0" coveredmethods="0"/>
          <line num="5" count="8" type="stmt"/>
          <line num="32" count="8" type="stmt"/>
        </file>
      </package>
    </metrics>
  </project>
</coverage>
