{"/home/arzion-lenovo1/Documents/Gianfranco/reverdux/src/actions/actionTypes.js": {"path":"/home/arzion-lenovo1/Documents/Gianfranco/reverdux/src/actions/actionTypes.js","statementMap":{"0":{"start":{"line":1,"column":27},"end":{"line":1,"column":40}},"1":{"start":{"line":2,"column":25},"end":{"line":2,"column":36}},"2":{"start":{"line":3,"column":24},"end":{"line":3,"column":34}},"3":{"start":{"line":4,"column":21},"end":{"line":4,"column":28}},"4":{"start":{"line":5,"column":27},"end":{"line":5,"column":40}},"5":{"start":{"line":6,"column":31},"end":{"line":6,"column":48}},"6":{"start":{"line":7,"column":28},"end":{"line":7,"column":42}}},"fnMap":{},"branchMap":{},"s":{"0":2,"1":2,"2":2,"3":2,"4":2,"5":2,"6":2},"f":{},"b":{},"_coverageSchema":"332fd63041d2c1bcb487cc26dd0d5f7d97098a6c","hash":"423f5db818bed13073f430275ac385c8834f3b89"}
,"/home/arzion-lenovo1/Documents/Gianfranco/reverdux/src/actions/gameActions.js": {"path":"/home/arzion-lenovo1/Documents/Gianfranco/reverdux/src/actions/gameActions.js","statementMap":{"0":{"start":{"line":12,"column":2},"end":{"line":14,"column":4}},"1":{"start":{"line":18,"column":2},"end":{"line":21,"column":4}},"2":{"start":{"line":25,"column":2},"end":{"line":27,"column":4}},"3":{"start":{"line":31,"column":2},"end":{"line":33,"column":4}},"4":{"start":{"line":37,"column":2},"end":{"line":41,"column":4}},"5":{"start":{"line":45,"column":2},"end":{"line":48,"column":4}},"6":{"start":{"line":52,"column":2},"end":{"line":54,"column":4}}},"fnMap":{"0":{"name":"switchTurn","decl":{"start":{"line":11,"column":16},"end":{"line":11,"column":26}},"loc":{"start":{"line":11,"column":29},"end":{"line":15,"column":1}},"line":11},"1":{"name":"makeMove","decl":{"start":{"line":17,"column":16},"end":{"line":17,"column":24}},"loc":{"start":{"line":17,"column":31},"end":{"line":22,"column":1}},"line":17},"2":{"name":"newGame","decl":{"start":{"line":24,"column":16},"end":{"line":24,"column":23}},"loc":{"start":{"line":24,"column":26},"end":{"line":28,"column":1}},"line":24},"3":{"name":"pause","decl":{"start":{"line":30,"column":16},"end":{"line":30,"column":21}},"loc":{"start":{"line":30,"column":24},"end":{"line":34,"column":1}},"line":30},"4":{"name":"playerName","decl":{"start":{"line":36,"column":16},"end":{"line":36,"column":26}},"loc":{"start":{"line":36,"column":41},"end":{"line":42,"column":1}},"line":36},"5":{"name":"showRecord","decl":{"start":{"line":44,"column":16},"end":{"line":44,"column":26}},"loc":{"start":{"line":44,"column":35},"end":{"line":49,"column":1}},"line":44},"6":{"name":"restartGame","decl":{"start":{"line":51,"column":16},"end":{"line":51,"column":27}},"loc":{"start":{"line":51,"column":30},"end":{"line":55,"column":1}},"line":51}},"branchMap":{},"s":{"0":1,"1":1,"2":1,"3":1,"4":1,"5":1,"6":1},"f":{"0":1,"1":1,"2":1,"3":1,"4":1,"5":1,"6":1},"b":{},"_coverageSchema":"332fd63041d2c1bcb487cc26dd0d5f7d97098a6c","hash":"1bec1001182b261340ff6beeb4873aca50d260b9"}
,"/home/arzion-lenovo1/Documents/Gianfranco/reverdux/src/components/app-layout.js": {"path":"/home/arzion-lenovo1/Documents/Gianfranco/reverdux/src/components/app-layout.js","statementMap":{"0":{"start":{"line":1,"column":0},"end":{"line":null,"column":-1}},"1":{"start":{"line":2,"column":0},"end":{"line":null,"column":-1}},"2":{"start":{"line":3,"column":0},"end":{"line":null,"column":-1}},"3":{"start":{"line":7,"column":3},"end":{"line":7,"column":2}},"4":{"start":{"line":8,"column":2},"end":{"line":null,"column":-1}},"5":{"start":{"line":11,"column":2},"end":{"line":null,"column":-1}},"6":{"start":{"line":25,"column":0},"end":{"line":null,"column":-1}}},"fnMap":{"0":{"name":"AppLayout","decl":{"start":{"line":5,"column":9},"end":{"line":5,"column":0}},"loc":{"start":{"line":7,"column":3},"end":{"line":21,"column":1}}}},"branchMap":{},"s":{"0":0,"1":0,"2":0,"3":0,"4":0,"5":0,"6":0},"f":{"0":0},"b":{}}
,"/home/arzion-lenovo1/Documents/Gianfranco/reverdux/src/components/board-layout.js": {"path":"/home/arzion-lenovo1/Documents/Gianfranco/reverdux/src/components/board-layout.js","statementMap":{"0":{"start":{"line":1,"column":0},"end":{"line":null,"column":-1}},"1":{"start":{"line":2,"column":0},"end":{"line":null,"column":-1}},"2":{"start":{"line":4,"column":0},"end":{"line":null,"column":-1}},"3":{"start":{"line":8,"column":3},"end":{"line":8,"column":2}},"4":{"start":{"line":9,"column":2},"end":{"line":null,"column":-1}},"5":{"start":{"line":12,"column":2},"end":{"line":null,"column":-1}},"6":{"start":{"line":17,"column":0},"end":{"line":null,"column":-1}}},"fnMap":{"0":{"name":"Board","decl":{"start":{"line":6,"column":9},"end":{"line":6,"column":0}},"loc":{"start":{"line":8,"column":3},"end":{"line":13,"column":1}}}},"branchMap":{},"s":{"0":0,"1":0,"2":0,"3":0,"4":0,"5":0,"6":0},"f":{"0":0},"b":{}}
,"/home/arzion-lenovo1/Documents/Gianfranco/reverdux/src/components/board.js": {"path":"/home/arzion-lenovo1/Documents/Gianfranco/reverdux/src/components/board.js","statementMap":{"0":{"start":{"line":1,"column":0},"end":{"line":null,"column":-1}},"1":{"start":{"line":2,"column":0},"end":{"line":null,"column":-1}},"2":{"start":{"line":3,"column":0},"end":{"line":null,"column":-1}},"3":{"start":{"line":4,"column":0},"end":{"line":null,"column":-1}},"4":{"start":{"line":5,"column":0},"end":{"line":null,"column":-1}},"5":{"start":{"line":9,"column":3},"end":{"line":9,"column":2}},"6":{"start":{"line":10,"column":2},"end":{"line":null,"column":-1}},"7":{"start":{"line":13,"column":17},"end":{"line":13,"column":2}},"8":{"start":{"line":14,"column":15},"end":{"line":14,"column":2}},"9":{"start":{"line":14,"column":25},"end":{"line":null,"column":-1}},"10":{"start":{"line":18,"column":2},"end":{"line":null,"column":-1}},"11":{"start":{"line":23,"column":0},"end":{"line":null,"column":-1}}},"fnMap":{"0":{"name":"Board","decl":{"start":{"line":7,"column":9},"end":{"line":7,"column":0}},"loc":{"start":{"line":9,"column":3},"end":{"line":19,"column":1}}},"1":{"name":"(anonymous_2)","decl":{"start":{"line":14,"column":25},"end":{"line":14,"column":25}},"loc":{"start":{"line":14,"column":25},"end":{"line":14,"column":15}}}},"branchMap":{},"s":{"0":0,"1":0,"2":0,"3":0,"4":0,"5":0,"6":0,"7":0,"8":0,"9":0,"10":0,"11":0},"f":{"0":0,"1":0},"b":{}}
,"/home/arzion-lenovo1/Documents/Gianfranco/reverdux/src/components/button.js": {"path":"/home/arzion-lenovo1/Documents/Gianfranco/reverdux/src/components/button.js","statementMap":{"0":{"start":{"line":8,"column":2},"end":{"line":11,"column":4}},"1":{"start":{"line":12,"column":20},"end":{"line":12,"column":42}},"2":{"start":{"line":13,"column":25},"end":{"line":17,"column":3}},"3":{"start":{"line":14,"column":4},"end":{"line":16,"column":5}},"4":{"start":{"line":15,"column":6},"end":{"line":15,"column":16}},"5":{"start":{"line":18,"column":2},"end":{"line":29,"column":4}},"6":{"start":{"line":34,"column":0},"end":{"line":39,"column":2}}},"fnMap":{"0":{"name":"Button","decl":{"start":{"line":5,"column":9},"end":{"line":5,"column":15}},"loc":{"start":{"line":7,"column":3},"end":{"line":30,"column":1}},"line":7},"1":{"name":"(anonymous_1)","decl":{"start":{"line":13,"column":25},"end":{"line":13,"column":26}},"loc":{"start":{"line":13,"column":36},"end":{"line":17,"column":3}},"line":13}},"branchMap":{"0":{"loc":{"start":{"line":14,"column":4},"end":{"line":16,"column":5}},"type":"if","locations":[{"start":{"line":14,"column":4},"end":{"line":16,"column":5}},{"start":{"line":14,"column":4},"end":{"line":16,"column":5}}],"line":14}},"s":{"0":1,"1":1,"2":1,"3":2,"4":1,"5":1,"6":1},"f":{"0":1,"1":2},"b":{"0":[1,1]},"_coverageSchema":"332fd63041d2c1bcb487cc26dd0d5f7d97098a6c","hash":"ad81c471f00ae5cb0e01a22a3bc318fe9bccb473"}
,"/home/arzion-lenovo1/Documents/Gianfranco/reverdux/src/components/cell.js": {"path":"/home/arzion-lenovo1/Documents/Gianfranco/reverdux/src/components/cell.js","statementMap":{"0":{"start":{"line":9,"column":2},"end":{"line":11,"column":4}},"1":{"start":{"line":12,"column":24},"end":{"line":16,"column":3}},"2":{"start":{"line":13,"column":4},"end":{"line":15,"column":5}},"3":{"start":{"line":14,"column":6},"end":{"line":14,"column":29}},"4":{"start":{"line":17,"column":18},"end":{"line":17,"column":50}},"5":{"start":{"line":18,"column":2},"end":{"line":18,"column":58}},"6":{"start":{"line":18,"column":25},"end":{"line":18,"column":56}},"7":{"start":{"line":20,"column":2},"end":{"line":30,"column":4}},"8":{"start":{"line":25,"column":21},"end":{"line":25,"column":43}},"9":{"start":{"line":35,"column":0},"end":{"line":40,"column":2}}},"fnMap":{"0":{"name":"Cell","decl":{"start":{"line":6,"column":9},"end":{"line":6,"column":13}},"loc":{"start":{"line":8,"column":3},"end":{"line":31,"column":1}},"line":8},"1":{"name":"(anonymous_1)","decl":{"start":{"line":12,"column":24},"end":{"line":12,"column":25}},"loc":{"start":{"line":12,"column":35},"end":{"line":16,"column":3}},"line":12},"2":{"name":"(anonymous_2)","decl":{"start":{"line":25,"column":15},"end":{"line":25,"column":16}},"loc":{"start":{"line":25,"column":21},"end":{"line":25,"column":43}},"line":25}},"branchMap":{"0":{"loc":{"start":{"line":13,"column":4},"end":{"line":15,"column":5}},"type":"if","locations":[{"start":{"line":13,"column":4},"end":{"line":15,"column":5}},{"start":{"line":13,"column":4},"end":{"line":15,"column":5}}],"line":13},"1":{"loc":{"start":{"line":18,"column":2},"end":{"line":18,"column":58}},"type":"if","locations":[{"start":{"line":18,"column":2},"end":{"line":18,"column":58}},{"start":{"line":18,"column":2},"end":{"line":18,"column":58}}],"line":18}},"s":{"0":6,"1":6,"2":2,"3":1,"4":6,"5":6,"6":3,"7":6,"8":1,"9":1},"f":{"0":6,"1":2,"2":1},"b":{"0":[1,1],"1":[3,3]},"_coverageSchema":"332fd63041d2c1bcb487cc26dd0d5f7d97098a6c","hash":"164fa46ff07483b95f835361561a51f1cfafe134"}
,"/home/arzion-lenovo1/Documents/Gianfranco/reverdux/src/components/game-layout.js": {"path":"/home/arzion-lenovo1/Documents/Gianfranco/reverdux/src/components/game-layout.js","statementMap":{"0":{"start":{"line":1,"column":0},"end":{"line":null,"column":-1}},"1":{"start":{"line":2,"column":0},"end":{"line":null,"column":-1}},"2":{"start":{"line":3,"column":0},"end":{"line":null,"column":-1}},"3":{"start":{"line":4,"column":0},"end":{"line":null,"column":-1}},"4":{"start":{"line":5,"column":0},"end":{"line":null,"column":-1}},"5":{"start":{"line":6,"column":0},"end":{"line":null,"column":-1}},"6":{"start":{"line":7,"column":0},"end":{"line":null,"column":-1}},"7":{"start":{"line":8,"column":0},"end":{"line":null,"column":-1}},"8":{"start":{"line":9,"column":0},"end":{"line":null,"column":-1}},"9":{"start":{"line":13,"column":3},"end":{"line":13,"column":2}},"10":{"start":{"line":14,"column":2},"end":{"line":null,"column":-1}},"11":{"start":{"line":45,"column":0},"end":{"line":null,"column":-1}}},"fnMap":{"0":{"name":"GameLayout","decl":{"start":{"line":11,"column":9},"end":{"line":11,"column":0}},"loc":{"start":{"line":13,"column":3},"end":{"line":41,"column":1}}}},"branchMap":{"0":{"loc":{"start":{"line":22,"column":8},"end":{"line":21,"column":7}},"type":"cond-expr","locations":[{"start":{"line":22,"column":8},"end":{"line":21,"column":7}},{"start":{"line":24,"column":8},"end":{"line":15,"column":4}}]}},"s":{"0":0,"1":0,"2":0,"3":0,"4":0,"5":0,"6":0,"7":0,"8":0,"9":0,"10":0,"11":0},"f":{"0":0},"b":{"0":[0,0]}}
,"/home/arzion-lenovo1/Documents/Gianfranco/reverdux/src/components/menu.js": {"path":"/home/arzion-lenovo1/Documents/Gianfranco/reverdux/src/components/menu.js","statementMap":{"0":{"start":{"line":1,"column":0},"end":{"line":null,"column":-1}},"1":{"start":{"line":2,"column":0},"end":{"line":null,"column":-1}},"2":{"start":{"line":3,"column":0},"end":{"line":null,"column":-1}},"3":{"start":{"line":4,"column":0},"end":{"line":null,"column":-1}},"4":{"start":{"line":5,"column":0},"end":{"line":null,"column":-1}},"5":{"start":{"line":6,"column":0},"end":{"line":null,"column":-1}},"6":{"start":{"line":10,"column":3},"end":{"line":10,"column":2}},"7":{"start":{"line":11,"column":2},"end":{"line":null,"column":-1}},"8":{"start":{"line":45,"column":0},"end":{"line":null,"column":-1}}},"fnMap":{"0":{"name":"Menu","decl":{"start":{"line":8,"column":9},"end":{"line":8,"column":0}},"loc":{"start":{"line":10,"column":3},"end":{"line":41,"column":1}}}},"branchMap":{"0":{"loc":{"start":{"line":12,"column":4},"end":{"line":11,"column":9}},"type":"cond-expr","locations":[{"start":{"line":12,"column":4},"end":{"line":11,"column":9}},{"start":{"line":18,"column":4},"end":{"line":11,"column":2}}]},"1":{"loc":{"start":{"line":11,"column":9},"end":{"line":11,"column":17}},"type":"binary-expr","locations":[{"start":{"line":11,"column":9},"end":{"line":11,"column":17}},{"start":{"line":11,"column":18},"end":{"line":11,"column":9}}]}},"s":{"0":0,"1":0,"2":0,"3":0,"4":0,"5":0,"6":0,"7":0,"8":0},"f":{"0":0},"b":{"0":[0,0],"1":[0,0]}}
,"/home/arzion-lenovo1/Documents/Gianfranco/reverdux/src/components/player-input.js": {"path":"/home/arzion-lenovo1/Documents/Gianfranco/reverdux/src/components/player-input.js","statementMap":{"0":{"start":{"line":1,"column":0},"end":{"line":null,"column":-1}},"1":{"start":{"line":2,"column":0},"end":{"line":null,"column":-1}},"2":{"start":{"line":3,"column":0},"end":{"line":null,"column":-1}},"3":{"start":{"line":5,"column":20},"end":{"line":5,"column":0}},"4":{"start":{"line":5,"column":48},"end":{"line":5,"column":47}},"5":{"start":{"line":6,"column":25},"end":{"line":6,"column":2}},"6":{"start":{"line":8,"column":2},"end":{"line":null,"column":-1}},"7":{"start":{"line":16,"column":15},"end":{"line":null,"column":-1}},"8":{"start":{"line":25,"column":0},"end":{"line":null,"column":-1}}},"fnMap":{"0":{"name":"PlayerInput","decl":{"start":{"line":5,"column":6},"end":{"line":5,"column":20}},"loc":{"start":{"line":5,"column":48},"end":{"line":5,"column":0}}},"1":{"name":"onKeyUp","decl":{"start":{"line":16,"column":15},"end":{"line":null,"column":-1}},"loc":{"start":{"line":16,"column":15},"end":{"line":null,"column":-1}}}},"branchMap":{},"s":{"0":0,"1":0,"2":0,"3":0,"4":0,"5":0,"6":0,"7":0,"8":0},"f":{"0":0,"1":0},"b":{}}
,"/home/arzion-lenovo1/Documents/Gianfranco/reverdux/src/components/record-board.js": {"path":"/home/arzion-lenovo1/Documents/Gianfranco/reverdux/src/components/record-board.js","statementMap":{"0":{"start":{"line":1,"column":0},"end":{"line":null,"column":-1}},"1":{"start":{"line":2,"column":0},"end":{"line":null,"column":-1}},"2":{"start":{"line":3,"column":0},"end":{"line":null,"column":-1}},"3":{"start":{"line":4,"column":0},"end":{"line":null,"column":-1}},"4":{"start":{"line":5,"column":0},"end":{"line":null,"column":-1}},"5":{"start":{"line":7,"column":51},"end":{"line":7,"column":50}},"6":{"start":{"line":8,"column":19},"end":{"line":8,"column":2}},"7":{"start":{"line":9,"column":2},"end":{"line":null,"column":-1}},"8":{"start":{"line":24,"column":0},"end":{"line":null,"column":-1}}},"fnMap":{"0":{"name":"RecordBoard","decl":{"start":{"line":7,"column":9},"end":{"line":7,"column":0}},"loc":{"start":{"line":7,"column":51},"end":{"line":20,"column":1}}}},"branchMap":{},"s":{"0":0,"1":0,"2":0,"3":0,"4":0,"5":0,"6":0,"7":0,"8":0},"f":{"0":0},"b":{}}
,"/home/arzion-lenovo1/Documents/Gianfranco/reverdux/src/components/records.js": {"path":"/home/arzion-lenovo1/Documents/Gianfranco/reverdux/src/components/records.js","statementMap":{"0":{"start":{"line":1,"column":0},"end":{"line":null,"column":-1}},"1":{"start":{"line":2,"column":0},"end":{"line":null,"column":-1}},"2":{"start":{"line":3,"column":0},"end":{"line":null,"column":-1}},"3":{"start":{"line":4,"column":0},"end":{"line":null,"column":-1}},"4":{"start":{"line":5,"column":0},"end":{"line":null,"column":-1}},"5":{"start":{"line":9,"column":3},"end":{"line":9,"column":2}},"6":{"start":{"line":10,"column":21},"end":{"line":10,"column":2}},"7":{"start":{"line":11,"column":21},"end":{"line":11,"column":4}},"8":{"start":{"line":12,"column":4},"end":{"line":12,"column":58}},"9":{"start":{"line":12,"column":24},"end":{"line":null,"column":-1}},"10":{"start":{"line":13,"column":4},"end":{"line":13,"column":59}},"11":{"start":{"line":13,"column":24},"end":{"line":null,"column":-1}},"12":{"start":{"line":14,"column":4},"end":{"line":14,"column":54}},"13":{"start":{"line":14,"column":20},"end":{"line":null,"column":-1}},"14":{"start":{"line":15,"column":4},"end":{"line":null,"column":-1}},"15":{"start":{"line":18,"column":2},"end":{"line":null,"column":-1}},"16":{"start":{"line":25,"column":36},"end":{"line":null,"column":-1}},"17":{"start":{"line":30,"column":21},"end":{"line":null,"column":-1}},"18":{"start":{"line":31,"column":23},"end":{"line":null,"column":-1}},"19":{"start":{"line":48,"column":0},"end":{"line":null,"column":-1}}},"fnMap":{"0":{"name":"BoardRecords","decl":{"start":{"line":7,"column":9},"end":{"line":7,"column":0}},"loc":{"start":{"line":9,"column":3},"end":{"line":44,"column":1}}},"1":{"name":"colorBadge","decl":{"start":{"line":10,"column":8},"end":{"line":10,"column":21}},"loc":{"start":{"line":10,"column":37},"end":{"line":10,"column":2}}},"2":{"name":"(anonymous_3)","decl":{"start":{"line":25,"column":36},"end":{"line":25,"column":36}},"loc":{"start":{"line":25,"column":36},"end":{"line":25,"column":9}}},"3":{"name":"onClick","decl":{"start":{"line":30,"column":21},"end":{"line":null,"column":-1}},"loc":{"start":{"line":30,"column":21},"end":{"line":26,"column":10}}},"4":{"name":"onKeyDown","decl":{"start":{"line":31,"column":23},"end":{"line":null,"column":-1}},"loc":{"start":{"line":31,"column":23},"end":{"line":null,"column":-1}}}},"branchMap":{"0":{"loc":{"start":{"line":12,"column":4},"end":{"line":12,"column":58}},"type":"if","locations":[{"start":{"line":12,"column":4},"end":{"line":12,"column":58}},{"start":{"line":12,"column":4},"end":{"line":12,"column":58}}]},"1":{"loc":{"start":{"line":13,"column":4},"end":{"line":13,"column":59}},"type":"if","locations":[{"start":{"line":13,"column":4},"end":{"line":13,"column":59}},{"start":{"line":13,"column":4},"end":{"line":13,"column":59}}]},"2":{"loc":{"start":{"line":14,"column":4},"end":{"line":14,"column":54}},"type":"if","locations":[{"start":{"line":14,"column":4},"end":{"line":14,"column":54}},{"start":{"line":14,"column":4},"end":{"line":14,"column":54}}]},"3":{"loc":{"start":{"line":37,"column":15},"end":{"line":37,"column":14}},"type":"cond-expr","locations":[{"start":{"line":37,"column":15},"end":{"line":37,"column":14}},{"start":{"line":37,"column":71},"end":{"line":null,"column":-1}}]}},"s":{"0":0,"1":0,"2":0,"3":0,"4":0,"5":0,"6":0,"7":0,"8":0,"9":0,"10":0,"11":0,"12":0,"13":0,"14":0,"15":0,"16":0,"17":0,"18":0,"19":0},"f":{"0":0,"1":0,"2":0,"3":0,"4":0},"b":{"0":[0,0],"1":[0,0],"2":[0,0],"3":[0,0]}}
,"/home/arzion-lenovo1/Documents/Gianfranco/reverdux/src/components/score.js": {"path":"/home/arzion-lenovo1/Documents/Gianfranco/reverdux/src/components/score.js","statementMap":{"0":{"start":{"line":1,"column":0},"end":{"line":null,"column":-1}},"1":{"start":{"line":2,"column":0},"end":{"line":null,"column":-1}},"2":{"start":{"line":3,"column":0},"end":{"line":null,"column":-1}},"3":{"start":{"line":5,"column":35},"end":{"line":5,"column":34}},"4":{"start":{"line":6,"column":2},"end":{"line":null,"column":-1}},"5":{"start":{"line":33,"column":0},"end":{"line":null,"column":-1}}},"fnMap":{"0":{"name":"Score","decl":{"start":{"line":5,"column":9},"end":{"line":5,"column":0}},"loc":{"start":{"line":5,"column":35},"end":{"line":29,"column":1}}}},"branchMap":{},"s":{"0":0,"1":0,"2":0,"3":0,"4":0,"5":0},"f":{"0":0},"b":{}}
,"/home/arzion-lenovo1/Documents/Gianfranco/reverdux/src/components/turn.js": {"path":"/home/arzion-lenovo1/Documents/Gianfranco/reverdux/src/components/turn.js","statementMap":{"0":{"start":{"line":1,"column":0},"end":{"line":null,"column":-1}},"1":{"start":{"line":2,"column":0},"end":{"line":null,"column":-1}},"2":{"start":{"line":3,"column":0},"end":{"line":null,"column":-1}},"3":{"start":{"line":4,"column":0},"end":{"line":null,"column":-1}},"4":{"start":{"line":5,"column":0},"end":{"line":null,"column":-1}},"5":{"start":{"line":6,"column":0},"end":{"line":null,"column":-1}},"6":{"start":{"line":10,"column":3},"end":{"line":10,"column":2}},"7":{"start":{"line":11,"column":2},"end":{"line":null,"column":-1}},"8":{"start":{"line":16,"column":19},"end":{"line":16,"column":2}},"9":{"start":{"line":20,"column":19},"end":{"line":20,"column":2}},"10":{"start":{"line":26,"column":20},"end":{"line":26,"column":2}},"11":{"start":{"line":30,"column":20},"end":{"line":30,"column":2}},"12":{"start":{"line":31,"column":21},"end":{"line":31,"column":2}},"13":{"start":{"line":32,"column":2},"end":{"line":null,"column":-1}},"14":{"start":{"line":65,"column":0},"end":{"line":null,"column":-1}}},"fnMap":{"0":{"name":"Turn","decl":{"start":{"line":8,"column":9},"end":{"line":8,"column":0}},"loc":{"start":{"line":10,"column":3},"end":{"line":61,"column":1}}},"1":{"name":"actions","decl":{"start":{"line":13,"column":13},"end":{"line":13,"column":18}},"loc":{"start":{"line":13,"column":19},"end":{"line":13,"column":21}}}},"branchMap":{"0":{"loc":{"start":{"line":30,"column":33},"end":{"line":30,"column":20}},"type":"cond-expr","locations":[{"start":{"line":30,"column":33},"end":{"line":30,"column":20}},{"start":{"line":30,"column":61},"end":{"line":30,"column":2}}]},"1":{"loc":{"start":{"line":33,"column":4},"end":{"line":32,"column":9}},"type":"cond-expr","locations":[{"start":{"line":33,"column":4},"end":{"line":32,"column":9}},{"start":{"line":48,"column":4},"end":{"line":32,"column":2}}]}},"s":{"0":0,"1":0,"2":0,"3":0,"4":0,"5":0,"6":0,"7":0,"8":0,"9":0,"10":0,"11":0,"12":0,"13":0,"14":0},"f":{"0":0,"1":0},"b":{"0":[0,0],"1":[0,0]}}
,"/home/arzion-lenovo1/Documents/Gianfranco/reverdux/src/components/winner-message.js": {"path":"/home/arzion-lenovo1/Documents/Gianfranco/reverdux/src/components/winner-message.js","statementMap":{"0":{"start":{"line":1,"column":0},"end":{"line":null,"column":-1}},"1":{"start":{"line":2,"column":0},"end":{"line":null,"column":-1}},"2":{"start":{"line":3,"column":0},"end":{"line":null,"column":-1}},"3":{"start":{"line":4,"column":0},"end":{"line":null,"column":-1}},"4":{"start":{"line":6,"column":44},"end":{"line":6,"column":43}},"5":{"start":{"line":7,"column":19},"end":{"line":7,"column":2}},"6":{"start":{"line":11,"column":20},"end":{"line":11,"column":2}},"7":{"start":{"line":15,"column":2},"end":{"line":null,"column":-1}},"8":{"start":{"line":29,"column":0},"end":{"line":null,"column":-1}}},"fnMap":{"0":{"name":"WinnerMessage","decl":{"start":{"line":6,"column":9},"end":{"line":6,"column":0}},"loc":{"start":{"line":6,"column":44},"end":{"line":25,"column":1}}}},"branchMap":{},"s":{"0":0,"1":0,"2":0,"3":0,"4":0,"5":0,"6":0,"7":0,"8":0},"f":{"0":0},"b":{}}
,"/home/arzion-lenovo1/Documents/Gianfranco/reverdux/src/containers/game.js": {"path":"/home/arzion-lenovo1/Documents/Gianfranco/reverdux/src/containers/game.js","statementMap":{"0":{"start":{"line":1,"column":0},"end":{"line":null,"column":-1}},"1":{"start":{"line":2,"column":0},"end":{"line":null,"column":-1}},"2":{"start":{"line":3,"column":0},"end":{"line":null,"column":-1}},"3":{"start":{"line":4,"column":0},"end":{"line":null,"column":-1}},"4":{"start":{"line":5,"column":0},"end":{"line":null,"column":-1}},"5":{"start":{"line":6,"column":0},"end":{"line":null,"column":-1}},"6":{"start":{"line":7,"column":0},"end":{"line":null,"column":-1}},"7":{"start":{"line":8,"column":0},"end":{"line":null,"column":-1}},"8":{"start":{"line":9,"column":0},"end":{"line":null,"column":-1}},"9":{"start":{"line":10,"column":0},"end":{"line":null,"column":-1}},"10":{"start":{"line":19,"column":8},"end":{"line":13,"column":11}},"11":{"start":{"line":13,"column":11},"end":{"line":13,"column":10}},"12":{"start":{"line":20,"column":17},"end":{"line":20,"column":4}},"13":{"start":{"line":21,"column":20},"end":{"line":21,"column":4}},"14":{"start":{"line":22,"column":4},"end":{"line":null,"column":-1}},"15":{"start":{"line":59,"column":24},"end":{"line":59,"column":0}},"16":{"start":{"line":59,"column":24},"end":{"line":null,"column":-1}},"17":{"start":{"line":76,"column":2},"end":{"line":null,"column":-1}},"18":{"start":{"line":81,"column":0},"end":{"line":null,"column":-1}}},"fnMap":{"0":{"name":"mapStateToProps","decl":{"start":{"line":59,"column":6},"end":{"line":59,"column":24}},"loc":{"start":{"line":59,"column":24},"end":{"line":59,"column":0}}},"1":{"name":"(anonymous_12)","decl":{"start":{"line":76,"column":2},"end":{"line":null,"column":-1}},"loc":{"start":{"line":76,"column":2},"end":{"line":74,"column":15}}}},"branchMap":{"0":{"loc":{"start":{"line":20,"column":17},"end":{"line":20,"column":38}},"type":"binary-expr","locations":[{"start":{"line":20,"column":17},"end":{"line":20,"column":38}},{"start":{"line":20,"column":39},"end":{"line":20,"column":47}},{"start":{"line":20,"column":48},"end":{"line":20,"column":4}}]},"1":{"loc":{"start":{"line":21,"column":20},"end":{"line":21,"column":19}},"type":"binary-expr","locations":[{"start":{"line":21,"column":20},"end":{"line":21,"column":19}},{"start":{"line":21,"column":30},"end":{"line":21,"column":20}},{"start":{"line":21,"column":52},"end":{"line":21,"column":4}}]},"2":{"loc":{"start":{"line":24,"column":10},"end":{"line":25,"column":9}},"type":"binary-expr","locations":[{"start":{"line":24,"column":10},"end":{"line":25,"column":9}},{"start":{"line":25,"column":10},"end":{"line":23,"column":6}}]},"3":{"loc":{"start":{"line":34,"column":10},"end":{"line":35,"column":9}},"type":"binary-expr","locations":[{"start":{"line":34,"column":10},"end":{"line":35,"column":9}},{"start":{"line":35,"column":10},"end":{"line":23,"column":6}}]},"4":{"loc":{"start":{"line":41,"column":10},"end":{"line":42,"column":9}},"type":"binary-expr","locations":[{"start":{"line":41,"column":10},"end":{"line":42,"column":9}},{"start":{"line":42,"column":10},"end":{"line":null,"column":-1}}]}},"s":{"0":0,"1":0,"2":0,"3":0,"4":0,"5":0,"6":0,"7":0,"8":0,"9":0,"10":0,"11":0,"12":0,"13":0,"14":0,"15":0,"16":0,"17":0,"18":0},"f":{"0":0,"1":0},"b":{"0":[0,0,0],"1":[0,0,0],"2":[0,0],"3":[0,0],"4":[0,0]}}
,"/home/arzion-lenovo1/Documents/Gianfranco/reverdux/src/libs/board-libs.js": {"path":"/home/arzion-lenovo1/Documents/Gianfranco/reverdux/src/libs/board-libs.js","statementMap":{"0":{"start":{"line":1,"column":29},"end":{"line":1,"column":99}},"1":{"start":{"line":3,"column":25},"end":{"line":6,"column":1}},"2":{"start":{"line":4,"column":2},"end":{"line":4,"column":53}},"3":{"start":{"line":4,"column":23},"end":{"line":4,"column":51}},"4":{"start":{"line":5,"column":2},"end":{"line":5,"column":18}},"5":{"start":{"line":8,"column":23},"end":{"line":8,"column":50}},"6":{"start":{"line":8,"column":37},"end":{"line":8,"column":50}},"7":{"start":{"line":10,"column":26},"end":{"line":18,"column":1}},"8":{"start":{"line":11,"column":2},"end":{"line":13,"column":3}},"9":{"start":{"line":12,"column":4},"end":{"line":12,"column":48}},"10":{"start":{"line":14,"column":2},"end":{"line":16,"column":3}},"11":{"start":{"line":15,"column":4},"end":{"line":15,"column":48}},"12":{"start":{"line":17,"column":2},"end":{"line":17,"column":25}},"13":{"start":{"line":20,"column":28},"end":{"line":20,"column":60}},"14":{"start":{"line":20,"column":39},"end":{"line":20,"column":59}},"15":{"start":{"line":21,"column":21},"end":{"line":29,"column":1}},"16":{"start":{"line":22,"column":16},"end":{"line":22,"column":17}},"17":{"start":{"line":23,"column":2},"end":{"line":27,"column":5}},"18":{"start":{"line":24,"column":4},"end":{"line":26,"column":5}},"19":{"start":{"line":25,"column":6},"end":{"line":25,"column":16}},"20":{"start":{"line":28,"column":2},"end":{"line":28,"column":17}},"21":{"start":{"line":30,"column":22},"end":{"line":32,"column":1}},"22":{"start":{"line":31,"column":2},"end":{"line":31,"column":89}},"23":{"start":{"line":34,"column":25},"end":{"line":36,"column":1}},"24":{"start":{"line":35,"column":2},"end":{"line":35,"column":84}},"25":{"start":{"line":38,"column":24},"end":{"line":41,"column":2}},"26":{"start":{"line":38,"column":34},"end":{"line":41,"column":1}},"27":{"start":{"line":42,"column":27},"end":{"line":44,"column":1}},"28":{"start":{"line":43,"column":2},"end":{"line":43,"column":58}},"29":{"start":{"line":46,"column":27},"end":{"line":52,"column":1}},"30":{"start":{"line":48,"column":2},"end":{"line":50,"column":3}},"31":{"start":{"line":49,"column":4},"end":{"line":49,"column":16}},"32":{"start":{"line":51,"column":2},"end":{"line":51,"column":15}},"33":{"start":{"line":54,"column":30},"end":{"line":59,"column":1}},"34":{"start":{"line":55,"column":2},"end":{"line":57,"column":3}},"35":{"start":{"line":56,"column":4},"end":{"line":56,"column":16}},"36":{"start":{"line":58,"column":2},"end":{"line":58,"column":15}},"37":{"start":{"line":61,"column":37},"end":{"line":81,"column":1}},"38":{"start":{"line":62,"column":20},"end":{"line":62,"column":31}},"39":{"start":{"line":63,"column":22},"end":{"line":63,"column":48}},"40":{"start":{"line":64,"column":20},"end":{"line":64,"column":21}},"41":{"start":{"line":66,"column":2},"end":{"line":68,"column":3}},"42":{"start":{"line":67,"column":4},"end":{"line":67,"column":24}},"43":{"start":{"line":69,"column":2},"end":{"line":71,"column":3}},"44":{"start":{"line":70,"column":4},"end":{"line":70,"column":14}},"45":{"start":{"line":72,"column":2},"end":{"line":80,"column":3}},"46":{"start":{"line":73,"column":18},"end":{"line":73,"column":20}},"47":{"start":{"line":74,"column":4},"end":{"line":74,"column":38}},"48":{"start":{"line":75,"column":20},"end":{"line":75,"column":70}},"49":{"start":{"line":76,"column":20},"end":{"line":76,"column":70}},"50":{"start":{"line":77,"column":21},"end":{"line":77,"column":46}},"51":{"start":{"line":78,"column":4},"end":{"line":78,"column":56}},"52":{"start":{"line":78,"column":44},"end":{"line":78,"column":54}},"53":{"start":{"line":79,"column":4},"end":{"line":79,"column":84}},"54":{"start":{"line":83,"column":38},"end":{"line":94,"column":1}},"55":{"start":{"line":84,"column":2},"end":{"line":93,"column":4}},"56":{"start":{"line":85,"column":19},"end":{"line":85,"column":44}},"57":{"start":{"line":86,"column":19},"end":{"line":86,"column":44}},"58":{"start":{"line":87,"column":4},"end":{"line":92,"column":6}},"59":{"start":{"line":96,"column":23},"end":{"line":103,"column":1}},"60":{"start":{"line":97,"column":23},"end":{"line":97,"column":41}},"61":{"start":{"line":98,"column":2},"end":{"line":101,"column":3}},"62":{"start":{"line":100,"column":4},"end":{"line":100,"column":16}},"63":{"start":{"line":102,"column":2},"end":{"line":102,"column":15}},"64":{"start":{"line":105,"column":32},"end":{"line":126,"column":1}},"65":{"start":{"line":106,"column":20},"end":{"line":106,"column":22}},"66":{"start":{"line":107,"column":2},"end":{"line":124,"column":5}},"67":{"start":{"line":108,"column":4},"end":{"line":123,"column":5}},"68":{"start":{"line":109,"column":6},"end":{"line":122,"column":7}},"69":{"start":{"line":110,"column":34},"end":{"line":110,"column":36}},"70":{"start":{"line":111,"column":22},"end":{"line":117,"column":9}},"71":{"start":{"line":118,"column":8},"end":{"line":120,"column":9}},"72":{"start":{"line":119,"column":10},"end":{"line":119,"column":23}},"73":{"start":{"line":121,"column":8},"end":{"line":121,"column":49}},"74":{"start":{"line":125,"column":2},"end":{"line":125,"column":21}},"75":{"start":{"line":128,"column":26},"end":{"line":128,"column":54}},"76":{"start":{"line":128,"column":35},"end":{"line":128,"column":53}},"77":{"start":{"line":130,"column":27},"end":{"line":135,"column":1}},"78":{"start":{"line":132,"column":2},"end":{"line":134,"column":4}},"79":{"start":{"line":133,"column":4},"end":{"line":133,"column":65}},"80":{"start":{"line":133,"column":29},"end":{"line":133,"column":39}},"81":{"start":{"line":137,"column":20},"end":{"line":153,"column":1}},"82":{"start":{"line":138,"column":18},"end":{"line":138,"column":34}},"83":{"start":{"line":139,"column":15},"end":{"line":139,"column":17}},"84":{"start":{"line":141,"column":2},"end":{"line":151,"column":5}},"85":{"start":{"line":142,"column":22},"end":{"line":142,"column":24}},"86":{"start":{"line":143,"column":4},"end":{"line":147,"column":5}},"87":{"start":{"line":144,"column":18},"end":{"line":144,"column":38}},"88":{"start":{"line":145,"column":18},"end":{"line":145,"column":38}},"89":{"start":{"line":146,"column":6},"end":{"line":146,"column":63}},"90":{"start":{"line":148,"column":4},"end":{"line":150,"column":5}},"91":{"start":{"line":149,"column":6},"end":{"line":149,"column":33}},"92":{"start":{"line":152,"column":2},"end":{"line":152,"column":16}},"93":{"start":{"line":155,"column":27},"end":{"line":196,"column":1}},"94":{"start":{"line":156,"column":20},"end":{"line":156,"column":25}},"95":{"start":{"line":157,"column":19},"end":{"line":157,"column":24}},"96":{"start":{"line":158,"column":22},"end":{"line":158,"column":33}},"97":{"start":{"line":159,"column":14},"end":{"line":159,"column":41}},"98":{"start":{"line":160,"column":14},"end":{"line":160,"column":41}},"99":{"start":{"line":162,"column":20},"end":{"line":162,"column":22}},"100":{"start":{"line":163,"column":2},"end":{"line":165,"column":3}},"101":{"start":{"line":164,"column":4},"end":{"line":164,"column":58}},"102":{"start":{"line":166,"column":2},"end":{"line":194,"column":3}},"103":{"start":{"line":167,"column":25},"end":{"line":167,"column":86}},"104":{"start":{"line":168,"column":18},"end":{"line":168,"column":40}},"105":{"start":{"line":169,"column":18},"end":{"line":169,"column":34}},"106":{"start":{"line":171,"column":19},"end":{"line":171,"column":37}},"107":{"start":{"line":172,"column":4},"end":{"line":176,"column":7}},"108":{"start":{"line":178,"column":23},"end":{"line":178,"column":25}},"109":{"start":{"line":179,"column":4},"end":{"line":181,"column":5}},"110":{"start":{"line":180,"column":6},"end":{"line":180,"column":42}},"111":{"start":{"line":182,"column":20},"end":{"line":182,"column":44}},"112":{"start":{"line":184,"column":4},"end":{"line":193,"column":6}},"113":{"start":{"line":195,"column":2},"end":{"line":195,"column":15}},"114":{"start":{"line":198,"column":30},"end":{"line":206,"column":1}},"115":{"start":{"line":199,"column":22},"end":{"line":199,"column":27}},"116":{"start":{"line":200,"column":2},"end":{"line":200,"column":96}},"117":{"start":{"line":200,"column":59},"end":{"line":200,"column":94}},"118":{"start":{"line":201,"column":2},"end":{"line":201,"column":96}},"119":{"start":{"line":201,"column":59},"end":{"line":201,"column":94}},"120":{"start":{"line":202,"column":2},"end":{"line":205,"column":4}},"121":{"start":{"line":208,"column":26},"end":{"line":216,"column":1}},"122":{"start":{"line":209,"column":21},"end":{"line":209,"column":27}},"123":{"start":{"line":210,"column":2},"end":{"line":215,"column":4}},"124":{"start":{"line":218,"column":24},"end":{"line":227,"column":1}},"125":{"start":{"line":218,"column":30},"end":{"line":227,"column":1}},"126":{"start":{"line":229,"column":24},"end":{"line":229,"column":66}},"127":{"start":{"line":229,"column":33},"end":{"line":229,"column":66}},"128":{"start":{"line":230,"column":27},"end":{"line":230,"column":57}},"129":{"start":{"line":230,"column":36},"end":{"line":230,"column":57}}},"fnMap":{"0":{"name":"(anonymous_0)","decl":{"start":{"line":3,"column":25},"end":{"line":3,"column":26}},"loc":{"start":{"line":3,"column":42},"end":{"line":6,"column":1}},"line":3},"1":{"name":"(anonymous_1)","decl":{"start":{"line":8,"column":23},"end":{"line":8,"column":24}},"loc":{"start":{"line":8,"column":37},"end":{"line":8,"column":50}},"line":8},"2":{"name":"(anonymous_2)","decl":{"start":{"line":10,"column":26},"end":{"line":10,"column":27}},"loc":{"start":{"line":10,"column":48},"end":{"line":18,"column":1}},"line":10},"3":{"name":"(anonymous_3)","decl":{"start":{"line":20,"column":28},"end":{"line":20,"column":29}},"loc":{"start":{"line":20,"column":39},"end":{"line":20,"column":59}},"line":20},"4":{"name":"(anonymous_4)","decl":{"start":{"line":21,"column":21},"end":{"line":21,"column":22}},"loc":{"start":{"line":21,"column":37},"end":{"line":29,"column":1}},"line":21},"5":{"name":"(anonymous_5)","decl":{"start":{"line":23,"column":10},"end":{"line":23,"column":11}},"loc":{"start":{"line":23,"column":35},"end":{"line":27,"column":3}},"line":23},"6":{"name":"(anonymous_6)","decl":{"start":{"line":30,"column":22},"end":{"line":30,"column":23}},"loc":{"start":{"line":31,"column":2},"end":{"line":31,"column":89}},"line":31},"7":{"name":"(anonymous_7)","decl":{"start":{"line":34,"column":25},"end":{"line":34,"column":26}},"loc":{"start":{"line":35,"column":2},"end":{"line":35,"column":84}},"line":35},"8":{"name":"(anonymous_8)","decl":{"start":{"line":38,"column":24},"end":{"line":38,"column":25}},"loc":{"start":{"line":38,"column":34},"end":{"line":41,"column":1}},"line":38},"9":{"name":"(anonymous_9)","decl":{"start":{"line":42,"column":27},"end":{"line":42,"column":28}},"loc":{"start":{"line":43,"column":2},"end":{"line":43,"column":58}},"line":43},"10":{"name":"(anonymous_10)","decl":{"start":{"line":46,"column":27},"end":{"line":46,"column":28}},"loc":{"start":{"line":46,"column":44},"end":{"line":52,"column":1}},"line":46},"11":{"name":"(anonymous_11)","decl":{"start":{"line":54,"column":30},"end":{"line":54,"column":31}},"loc":{"start":{"line":54,"column":40},"end":{"line":59,"column":1}},"line":54},"12":{"name":"(anonymous_12)","decl":{"start":{"line":61,"column":37},"end":{"line":61,"column":38}},"loc":{"start":{"line":61,"column":93},"end":{"line":81,"column":1}},"line":61},"13":{"name":"(anonymous_13)","decl":{"start":{"line":83,"column":38},"end":{"line":83,"column":39}},"loc":{"start":{"line":84,"column":2},"end":{"line":93,"column":4}},"line":84},"14":{"name":"(anonymous_14)","decl":{"start":{"line":84,"column":20},"end":{"line":84,"column":21}},"loc":{"start":{"line":84,"column":51},"end":{"line":93,"column":3}},"line":84},"15":{"name":"(anonymous_15)","decl":{"start":{"line":96,"column":23},"end":{"line":96,"column":24}},"loc":{"start":{"line":96,"column":53},"end":{"line":103,"column":1}},"line":96},"16":{"name":"(anonymous_16)","decl":{"start":{"line":105,"column":32},"end":{"line":105,"column":33}},"loc":{"start":{"line":105,"column":59},"end":{"line":126,"column":1}},"line":105},"17":{"name":"(anonymous_17)","decl":{"start":{"line":107,"column":39},"end":{"line":107,"column":40}},"loc":{"start":{"line":107,"column":52},"end":{"line":124,"column":3}},"line":107},"18":{"name":"(anonymous_18)","decl":{"start":{"line":128,"column":26},"end":{"line":128,"column":27}},"loc":{"start":{"line":128,"column":35},"end":{"line":128,"column":53}},"line":128},"19":{"name":"(anonymous_19)","decl":{"start":{"line":130,"column":27},"end":{"line":130,"column":28}},"loc":{"start":{"line":132,"column":2},"end":{"line":134,"column":4}},"line":132},"20":{"name":"(anonymous_20)","decl":{"start":{"line":132,"column":15},"end":{"line":132,"column":16}},"loc":{"start":{"line":133,"column":4},"end":{"line":133,"column":65}},"line":133},"21":{"name":"(anonymous_21)","decl":{"start":{"line":133,"column":21},"end":{"line":133,"column":22}},"loc":{"start":{"line":133,"column":29},"end":{"line":133,"column":39}},"line":133},"22":{"name":"(anonymous_22)","decl":{"start":{"line":137,"column":20},"end":{"line":137,"column":21}},"loc":{"start":{"line":137,"column":37},"end":{"line":153,"column":1}},"line":137},"23":{"name":"(anonymous_23)","decl":{"start":{"line":141,"column":12},"end":{"line":141,"column":13}},"loc":{"start":{"line":141,"column":29},"end":{"line":151,"column":3}},"line":141},"24":{"name":"(anonymous_24)","decl":{"start":{"line":155,"column":27},"end":{"line":155,"column":28}},"loc":{"start":{"line":155,"column":46},"end":{"line":196,"column":1}},"line":155},"25":{"name":"(anonymous_25)","decl":{"start":{"line":198,"column":30},"end":{"line":198,"column":31}},"loc":{"start":{"line":198,"column":49},"end":{"line":206,"column":1}},"line":198},"26":{"name":"(anonymous_26)","decl":{"start":{"line":208,"column":26},"end":{"line":208,"column":27}},"loc":{"start":{"line":208,"column":45},"end":{"line":216,"column":1}},"line":208},"27":{"name":"(anonymous_27)","decl":{"start":{"line":218,"column":24},"end":{"line":218,"column":25}},"loc":{"start":{"line":218,"column":30},"end":{"line":227,"column":1}},"line":218},"28":{"name":"(anonymous_28)","decl":{"start":{"line":229,"column":24},"end":{"line":229,"column":25}},"loc":{"start":{"line":229,"column":33},"end":{"line":229,"column":66}},"line":229},"29":{"name":"(anonymous_29)","decl":{"start":{"line":230,"column":27},"end":{"line":230,"column":28}},"loc":{"start":{"line":230,"column":36},"end":{"line":230,"column":57}},"line":230}},"branchMap":{"0":{"loc":{"start":{"line":4,"column":2},"end":{"line":4,"column":53}},"type":"if","locations":[{"start":{"line":4,"column":2},"end":{"line":4,"column":53}},{"start":{"line":4,"column":2},"end":{"line":4,"column":53}}],"line":4},"1":{"loc":{"start":{"line":11,"column":2},"end":{"line":13,"column":3}},"type":"if","locations":[{"start":{"line":11,"column":2},"end":{"line":13,"column":3}},{"start":{"line":11,"column":2},"end":{"line":13,"column":3}}],"line":11},"2":{"loc":{"start":{"line":14,"column":2},"end":{"line":16,"column":3}},"type":"if","locations":[{"start":{"line":14,"column":2},"end":{"line":16,"column":3}},{"start":{"line":14,"column":2},"end":{"line":16,"column":3}}],"line":14},"3":{"loc":{"start":{"line":20,"column":39},"end":{"line":20,"column":59}},"type":"cond-expr","locations":[{"start":{"line":20,"column":54},"end":{"line":20,"column":55}},{"start":{"line":20,"column":58},"end":{"line":20,"column":59}}],"line":20},"4":{"loc":{"start":{"line":24,"column":4},"end":{"line":26,"column":5}},"type":"if","locations":[{"start":{"line":24,"column":4},"end":{"line":26,"column":5}},{"start":{"line":24,"column":4},"end":{"line":26,"column":5}}],"line":24},"5":{"loc":{"start":{"line":31,"column":2},"end":{"line":31,"column":89}},"type":"cond-expr","locations":[{"start":{"line":31,"column":34},"end":{"line":31,"column":60}},{"start":{"line":31,"column":63},"end":{"line":31,"column":89}}],"line":31},"6":{"loc":{"start":{"line":35,"column":2},"end":{"line":35,"column":84}},"type":"binary-expr","locations":[{"start":{"line":35,"column":2},"end":{"line":35,"column":21}},{"start":{"line":35,"column":25},"end":{"line":35,"column":44}},{"start":{"line":35,"column":48},"end":{"line":35,"column":84}}],"line":35},"7":{"loc":{"start":{"line":43,"column":2},"end":{"line":43,"column":58}},"type":"cond-expr","locations":[{"start":{"line":43,"column":15},"end":{"line":43,"column":35}},{"start":{"line":43,"column":38},"end":{"line":43,"column":58}}],"line":43},"8":{"loc":{"start":{"line":48,"column":2},"end":{"line":50,"column":3}},"type":"if","locations":[{"start":{"line":48,"column":2},"end":{"line":50,"column":3}},{"start":{"line":48,"column":2},"end":{"line":50,"column":3}}],"line":48},"9":{"loc":{"start":{"line":55,"column":2},"end":{"line":57,"column":3}},"type":"if","locations":[{"start":{"line":55,"column":2},"end":{"line":57,"column":3}},{"start":{"line":55,"column":2},"end":{"line":57,"column":3}}],"line":55},"10":{"loc":{"start":{"line":55,"column":6},"end":{"line":55,"column":38}},"type":"binary-expr","locations":[{"start":{"line":55,"column":6},"end":{"line":55,"column":11}},{"start":{"line":55,"column":15},"end":{"line":55,"column":20}},{"start":{"line":55,"column":24},"end":{"line":55,"column":29}},{"start":{"line":55,"column":33},"end":{"line":55,"column":38}}],"line":55},"11":{"loc":{"start":{"line":66,"column":2},"end":{"line":68,"column":3}},"type":"if","locations":[{"start":{"line":66,"column":2},"end":{"line":68,"column":3}},{"start":{"line":66,"column":2},"end":{"line":68,"column":3}}],"line":66},"12":{"loc":{"start":{"line":69,"column":2},"end":{"line":71,"column":3}},"type":"if","locations":[{"start":{"line":69,"column":2},"end":{"line":71,"column":3}},{"start":{"line":69,"column":2},"end":{"line":71,"column":3}}],"line":69},"13":{"loc":{"start":{"line":72,"column":2},"end":{"line":80,"column":3}},"type":"if","locations":[{"start":{"line":72,"column":2},"end":{"line":80,"column":3}},{"start":{"line":72,"column":2},"end":{"line":80,"column":3}}],"line":72},"14":{"loc":{"start":{"line":78,"column":4},"end":{"line":78,"column":56}},"type":"if","locations":[{"start":{"line":78,"column":4},"end":{"line":78,"column":56}},{"start":{"line":78,"column":4},"end":{"line":78,"column":56}}],"line":78},"15":{"loc":{"start":{"line":98,"column":2},"end":{"line":101,"column":3}},"type":"if","locations":[{"start":{"line":98,"column":2},"end":{"line":101,"column":3}},{"start":{"line":98,"column":2},"end":{"line":101,"column":3}}],"line":98},"16":{"loc":{"start":{"line":98,"column":6},"end":{"line":98,"column":49}},"type":"binary-expr","locations":[{"start":{"line":98,"column":6},"end":{"line":98,"column":27}},{"start":{"line":98,"column":31},"end":{"line":98,"column":49}}],"line":98},"17":{"loc":{"start":{"line":108,"column":4},"end":{"line":123,"column":5}},"type":"if","locations":[{"start":{"line":108,"column":4},"end":{"line":123,"column":5}},{"start":{"line":108,"column":4},"end":{"line":123,"column":5}}],"line":108},"18":{"loc":{"start":{"line":109,"column":6},"end":{"line":122,"column":7}},"type":"if","locations":[{"start":{"line":109,"column":6},"end":{"line":122,"column":7}},{"start":{"line":109,"column":6},"end":{"line":122,"column":7}}],"line":109},"19":{"loc":{"start":{"line":118,"column":8},"end":{"line":120,"column":9}},"type":"if","locations":[{"start":{"line":118,"column":8},"end":{"line":120,"column":9}},{"start":{"line":118,"column":8},"end":{"line":120,"column":9}}],"line":118},"20":{"loc":{"start":{"line":118,"column":12},"end":{"line":118,"column":48}},"type":"binary-expr","locations":[{"start":{"line":118,"column":12},"end":{"line":118,"column":31}},{"start":{"line":118,"column":35},"end":{"line":118,"column":48}}],"line":118},"21":{"loc":{"start":{"line":128,"column":35},"end":{"line":128,"column":53}},"type":"cond-expr","locations":[{"start":{"line":128,"column":48},"end":{"line":128,"column":49}},{"start":{"line":128,"column":52},"end":{"line":128,"column":53}}],"line":128},"22":{"loc":{"start":{"line":133,"column":4},"end":{"line":133,"column":65}},"type":"cond-expr","locations":[{"start":{"line":133,"column":57},"end":{"line":133,"column":61}},{"start":{"line":133,"column":64},"end":{"line":133,"column":65}}],"line":133},"23":{"loc":{"start":{"line":143,"column":4},"end":{"line":147,"column":5}},"type":"if","locations":[{"start":{"line":143,"column":4},"end":{"line":147,"column":5}},{"start":{"line":143,"column":4},"end":{"line":147,"column":5}}],"line":143},"24":{"loc":{"start":{"line":148,"column":4},"end":{"line":150,"column":5}},"type":"if","locations":[{"start":{"line":148,"column":4},"end":{"line":150,"column":5}},{"start":{"line":148,"column":4},"end":{"line":150,"column":5}}],"line":148},"25":{"loc":{"start":{"line":163,"column":2},"end":{"line":165,"column":3}},"type":"if","locations":[{"start":{"line":163,"column":2},"end":{"line":165,"column":3}},{"start":{"line":163,"column":2},"end":{"line":165,"column":3}}],"line":163},"26":{"loc":{"start":{"line":166,"column":2},"end":{"line":194,"column":3}},"type":"if","locations":[{"start":{"line":166,"column":2},"end":{"line":194,"column":3}},{"start":{"line":166,"column":2},"end":{"line":194,"column":3}}],"line":166},"27":{"loc":{"start":{"line":179,"column":4},"end":{"line":181,"column":5}},"type":"if","locations":[{"start":{"line":179,"column":4},"end":{"line":181,"column":5}},{"start":{"line":179,"column":4},"end":{"line":181,"column":5}}],"line":179},"28":{"loc":{"start":{"line":200,"column":2},"end":{"line":200,"column":96}},"type":"if","locations":[{"start":{"line":200,"column":2},"end":{"line":200,"column":96}},{"start":{"line":200,"column":2},"end":{"line":200,"column":96}}],"line":200},"29":{"loc":{"start":{"line":200,"column":6},"end":{"line":200,"column":55}},"type":"binary-expr","locations":[{"start":{"line":200,"column":6},"end":{"line":200,"column":33}},{"start":{"line":200,"column":37},"end":{"line":200,"column":55}}],"line":200},"30":{"loc":{"start":{"line":201,"column":2},"end":{"line":201,"column":96}},"type":"if","locations":[{"start":{"line":201,"column":2},"end":{"line":201,"column":96}},{"start":{"line":201,"column":2},"end":{"line":201,"column":96}}],"line":201},"31":{"loc":{"start":{"line":201,"column":6},"end":{"line":201,"column":55}},"type":"binary-expr","locations":[{"start":{"line":201,"column":6},"end":{"line":201,"column":33}},{"start":{"line":201,"column":37},"end":{"line":201,"column":55}}],"line":201}},"s":{"0":2,"1":2,"2":192,"3":96,"4":96,"5":2,"6":525,"7":2,"8":9,"9":2,"10":7,"11":2,"12":5,"13":2,"14":62,"15":2,"16":3,"17":3,"18":192,"19":9,"20":3,"21":2,"22":2,"23":2,"24":1,"25":2,"26":1,"27":2,"28":2,"29":2,"30":66,"31":60,"32":6,"33":2,"34":114,"35":53,"36":61,"37":2,"38":60,"39":60,"40":60,"41":60,"42":6,"43":54,"44":18,"45":36,"46":36,"47":36,"48":36,"49":36,"50":36,"51":36,"52":1,"53":35,"54":2,"55":61,"56":488,"57":488,"58":488,"59":2,"60":482,"61":482,"62":74,"63":408,"64":2,"65":60,"66":60,"67":480,"68":74,"69":24,"70":24,"71":24,"72":0,"73":24,"74":60,"75":2,"76":3,"77":2,"78":0,"79":0,"80":0,"81":2,"82":1,"83":1,"84":1,"85":64,"86":64,"87":59,"88":59,"89":59,"90":64,"91":3,"92":1,"93":2,"94":0,"95":0,"96":0,"97":0,"98":0,"99":0,"100":0,"101":0,"102":0,"103":0,"104":0,"105":0,"106":0,"107":0,"108":0,"109":0,"110":0,"111":0,"112":0,"113":0,"114":2,"115":3,"116":3,"117":1,"118":3,"119":1,"120":3,"121":2,"122":1,"123":1,"124":2,"125":0,"126":2,"127":0,"128":2,"129":0},"f":{"0":192,"1":525,"2":9,"3":62,"4":3,"5":192,"6":2,"7":1,"8":1,"9":2,"10":66,"11":114,"12":60,"13":61,"14":488,"15":482,"16":60,"17":480,"18":3,"19":0,"20":0,"21":0,"22":1,"23":64,"24":0,"25":3,"26":1,"27":0,"28":0,"29":0},"b":{"0":[96,96],"1":[2,7],"2":[2,5],"3":[1,61],"4":[9,183],"5":[1,1],"6":[1,1,1],"7":[1,1],"8":[60,6],"9":[53,61],"10":[114,91,68,64],"11":[6,54],"12":[18,36],"13":[36,0],"14":[1,35],"15":[74,408],"16":[482,476],"17":[74,406],"18":[24,50],"19":[0,24],"20":[24,24],"21":[2,1],"22":[0,0],"23":[59,5],"24":[3,61],"25":[0,0],"26":[0,0],"27":[0,0],"28":[1,2],"29":[3,1],"30":[1,2],"31":[3,2]},"_coverageSchema":"332fd63041d2c1bcb487cc26dd0d5f7d97098a6c","hash":"9491f48767ed0668d94a474a2d781f40e9298fd5"}
,"/home/arzion-lenovo1/Documents/Gianfranco/reverdux/src/reducers/game.js": {"path":"/home/arzion-lenovo1/Documents/Gianfranco/reverdux/src/reducers/game.js","statementMap":{"0":{"start":{"line":15,"column":2},"end":{"line":48,"column":3}},"1":{"start":{"line":17,"column":6},"end":{"line":25,"column":9}},"2":{"start":{"line":27,"column":6},"end":{"line":30,"column":9}},"3":{"start":{"line":32,"column":6},"end":{"line":35,"column":9}},"4":{"start":{"line":37,"column":6},"end":{"line":37,"column":50}},"5":{"start":{"line":40,"column":6},"end":{"line":40,"column":49}},"6":{"start":{"line":43,"column":6},"end":{"line":43,"column":53}},"7":{"start":{"line":45,"column":6},"end":{"line":45,"column":26}},"8":{"start":{"line":47,"column":6},"end":{"line":47,"column":19}}},"fnMap":{"0":{"name":"reversiApp","decl":{"start":{"line":14,"column":9},"end":{"line":14,"column":19}},"loc":{"start":{"line":14,"column":50},"end":{"line":49,"column":1}},"line":14}},"branchMap":{"0":{"loc":{"start":{"line":14,"column":20},"end":{"line":14,"column":40}},"type":"default-arg","locations":[{"start":{"line":14,"column":28},"end":{"line":14,"column":40}}],"line":14},"1":{"loc":{"start":{"line":15,"column":2},"end":{"line":48,"column":3}},"type":"switch","locations":[{"start":{"line":16,"column":4},"end":{"line":25,"column":9}},{"start":{"line":26,"column":4},"end":{"line":30,"column":9}},{"start":{"line":31,"column":4},"end":{"line":35,"column":9}},{"start":{"line":36,"column":4},"end":{"line":37,"column":50}},{"start":{"line":39,"column":4},"end":{"line":40,"column":49}},{"start":{"line":42,"column":4},"end":{"line":43,"column":53}},{"start":{"line":44,"column":4},"end":{"line":45,"column":26}},{"start":{"line":46,"column":4},"end":{"line":47,"column":19}}],"line":15}},"s":{"0":1,"1":0,"2":0,"3":0,"4":0,"5":0,"6":0,"7":0,"8":1},"f":{"0":1},"b":{"0":[0],"1":[0,0,0,0,0,0,0,1]},"_coverageSchema":"332fd63041d2c1bcb487cc26dd0d5f7d97098a6c","hash":"3e8d2b80695430b6a7feb8dead902913b0928406"}
,"/home/arzion-lenovo1/Documents/Gianfranco/reverdux/src/reducers/store.js": {"path":"/home/arzion-lenovo1/Documents/Gianfranco/reverdux/src/reducers/store.js","statementMap":{"0":{"start":{"line":5,"column":28},"end":{"line":30,"column":1}},"1":{"start":{"line":32,"column":14},"end":{"line":36,"column":1}}},"fnMap":{},"branchMap":{"0":{"loc":{"start":{"line":35,"column":2},"end":{"line":35,"column":78}},"type":"binary-expr","locations":[{"start":{"line":35,"column":2},"end":{"line":35,"column":37}},{"start":{"line":35,"column":41},"end":{"line":35,"column":78}}],"line":35}},"s":{"0":1,"1":1},"f":{},"b":{"0":[1,0]},"_coverageSchema":"332fd63041d2c1bcb487cc26dd0d5f7d97098a6c","hash":"f1864f83dfa98c3b4fd6c987bd82919042ce545d"}
}
