{"/home/arzion-lenovo1/Documents/Gianfranco/reverdux/src/actions/actionTypes.js": {"path":"/home/arzion-lenovo1/Documents/Gianfranco/reverdux/src/actions/actionTypes.js","statementMap":{"0":{"start":{"line":1,"column":27},"end":{"line":1,"column":40}},"1":{"start":{"line":2,"column":25},"end":{"line":2,"column":36}},"2":{"start":{"line":3,"column":24},"end":{"line":3,"column":34}},"3":{"start":{"line":4,"column":21},"end":{"line":4,"column":28}},"4":{"start":{"line":5,"column":27},"end":{"line":5,"column":40}},"5":{"start":{"line":6,"column":31},"end":{"line":6,"column":48}},"6":{"start":{"line":7,"column":28},"end":{"line":7,"column":42}}},"fnMap":{},"branchMap":{},"s":{"0":1,"1":1,"2":1,"3":1,"4":1,"5":1,"6":1},"f":{},"b":{},"_coverageSchema":"332fd63041d2c1bcb487cc26dd0d5f7d97098a6c","hash":"423f5db818bed13073f430275ac385c8834f3b89"}
,"/home/arzion-lenovo1/Documents/Gianfranco/reverdux/src/actions/gameActions.js": {"path":"/home/arzion-lenovo1/Documents/Gianfranco/reverdux/src/actions/gameActions.js","statementMap":{"0":{"start":{"line":12,"column":2},"end":{"line":14,"column":4}},"1":{"start":{"line":18,"column":2},"end":{"line":21,"column":4}},"2":{"start":{"line":25,"column":2},"end":{"line":27,"column":4}},"3":{"start":{"line":31,"column":2},"end":{"line":33,"column":4}},"4":{"start":{"line":37,"column":2},"end":{"line":41,"column":4}},"5":{"start":{"line":45,"column":2},"end":{"line":48,"column":4}},"6":{"start":{"line":52,"column":2},"end":{"line":54,"column":4}}},"fnMap":{"0":{"name":"switchTurn","decl":{"start":{"line":11,"column":16},"end":{"line":11,"column":26}},"loc":{"start":{"line":11,"column":29},"end":{"line":15,"column":1}},"line":11},"1":{"name":"makeMove","decl":{"start":{"line":17,"column":16},"end":{"line":17,"column":24}},"loc":{"start":{"line":17,"column":31},"end":{"line":22,"column":1}},"line":17},"2":{"name":"newGame","decl":{"start":{"line":24,"column":16},"end":{"line":24,"column":23}},"loc":{"start":{"line":24,"column":26},"end":{"line":28,"column":1}},"line":24},"3":{"name":"pause","decl":{"start":{"line":30,"column":16},"end":{"line":30,"column":21}},"loc":{"start":{"line":30,"column":24},"end":{"line":34,"column":1}},"line":30},"4":{"name":"playerName","decl":{"start":{"line":36,"column":16},"end":{"line":36,"column":26}},"loc":{"start":{"line":36,"column":41},"end":{"line":42,"column":1}},"line":36},"5":{"name":"showRecord","decl":{"start":{"line":44,"column":16},"end":{"line":44,"column":26}},"loc":{"start":{"line":44,"column":35},"end":{"line":49,"column":1}},"line":44},"6":{"name":"restartGame","decl":{"start":{"line":51,"column":16},"end":{"line":51,"column":27}},"loc":{"start":{"line":51,"column":30},"end":{"line":55,"column":1}},"line":51}},"branchMap":{},"s":{"0":1,"1":1,"2":1,"3":1,"4":1,"5":1,"6":1},"f":{"0":1,"1":1,"2":1,"3":1,"4":1,"5":1,"6":1},"b":{},"_coverageSchema":"332fd63041d2c1bcb487cc26dd0d5f7d97098a6c","hash":"1bec1001182b261340ff6beeb4873aca50d260b9"}
,"/home/arzion-lenovo1/Documents/Gianfranco/reverdux/src/components/app-layout.js": {"path":"/home/arzion-lenovo1/Documents/Gianfranco/reverdux/src/components/app-layout.js","statementMap":{"0":{"start":{"line":1,"column":0},"end":{"line":null,"column":-1}},"1":{"start":{"line":2,"column":0},"end":{"line":null,"column":-1}},"2":{"start":{"line":3,"column":0},"end":{"line":null,"column":-1}},"3":{"start":{"line":7,"column":3},"end":{"line":7,"column":2}},"4":{"start":{"line":8,"column":2},"end":{"line":null,"column":-1}},"5":{"start":{"line":11,"column":2},"end":{"line":null,"column":-1}},"6":{"start":{"line":25,"column":0},"end":{"line":null,"column":-1}}},"fnMap":{"0":{"name":"AppLayout","decl":{"start":{"line":5,"column":9},"end":{"line":5,"column":0}},"loc":{"start":{"line":7,"column":3},"end":{"line":21,"column":1}}}},"branchMap":{},"s":{"0":0,"1":0,"2":0,"3":0,"4":0,"5":0,"6":0},"f":{"0":0},"b":{}}
,"/home/arzion-lenovo1/Documents/Gianfranco/reverdux/src/components/board-layout.js": {"path":"/home/arzion-lenovo1/Documents/Gianfranco/reverdux/src/components/board-layout.js","statementMap":{"0":{"start":{"line":1,"column":0},"end":{"line":null,"column":-1}},"1":{"start":{"line":2,"column":0},"end":{"line":null,"column":-1}},"2":{"start":{"line":4,"column":0},"end":{"line":null,"column":-1}},"3":{"start":{"line":8,"column":3},"end":{"line":8,"column":2}},"4":{"start":{"line":9,"column":2},"end":{"line":null,"column":-1}},"5":{"start":{"line":12,"column":2},"end":{"line":null,"column":-1}},"6":{"start":{"line":17,"column":0},"end":{"line":null,"column":-1}}},"fnMap":{"0":{"name":"Board","decl":{"start":{"line":6,"column":9},"end":{"line":6,"column":0}},"loc":{"start":{"line":8,"column":3},"end":{"line":13,"column":1}}}},"branchMap":{},"s":{"0":0,"1":0,"2":0,"3":0,"4":0,"5":0,"6":0},"f":{"0":0},"b":{}}
,"/home/arzion-lenovo1/Documents/Gianfranco/reverdux/src/components/board.js": {"path":"/home/arzion-lenovo1/Documents/Gianfranco/reverdux/src/components/board.js","statementMap":{"0":{"start":{"line":1,"column":0},"end":{"line":null,"column":-1}},"1":{"start":{"line":2,"column":0},"end":{"line":null,"column":-1}},"2":{"start":{"line":3,"column":0},"end":{"line":null,"column":-1}},"3":{"start":{"line":4,"column":0},"end":{"line":null,"column":-1}},"4":{"start":{"line":5,"column":0},"end":{"line":null,"column":-1}},"5":{"start":{"line":9,"column":3},"end":{"line":9,"column":2}},"6":{"start":{"line":10,"column":2},"end":{"line":null,"column":-1}},"7":{"start":{"line":13,"column":17},"end":{"line":13,"column":2}},"8":{"start":{"line":14,"column":15},"end":{"line":14,"column":2}},"9":{"start":{"line":14,"column":25},"end":{"line":null,"column":-1}},"10":{"start":{"line":18,"column":2},"end":{"line":null,"column":-1}},"11":{"start":{"line":23,"column":0},"end":{"line":null,"column":-1}}},"fnMap":{"0":{"name":"Board","decl":{"start":{"line":7,"column":9},"end":{"line":7,"column":0}},"loc":{"start":{"line":9,"column":3},"end":{"line":19,"column":1}}},"1":{"name":"(anonymous_2)","decl":{"start":{"line":14,"column":25},"end":{"line":14,"column":25}},"loc":{"start":{"line":14,"column":25},"end":{"line":14,"column":15}}}},"branchMap":{},"s":{"0":0,"1":0,"2":0,"3":0,"4":0,"5":0,"6":0,"7":0,"8":0,"9":0,"10":0,"11":0},"f":{"0":0,"1":0},"b":{}}
,"/home/arzion-lenovo1/Documents/Gianfranco/reverdux/src/components/button.js": {"path":"/home/arzion-lenovo1/Documents/Gianfranco/reverdux/src/components/button.js","statementMap":{"0":{"start":{"line":1,"column":0},"end":{"line":null,"column":-1}},"1":{"start":{"line":2,"column":0},"end":{"line":null,"column":-1}},"2":{"start":{"line":3,"column":0},"end":{"line":null,"column":-1}},"3":{"start":{"line":7,"column":3},"end":{"line":7,"column":2}},"4":{"start":{"line":8,"column":2},"end":{"line":null,"column":-1}},"5":{"start":{"line":12,"column":8},"end":{"line":12,"column":2}},"6":{"start":{"line":13,"column":25},"end":{"line":13,"column":2}},"7":{"start":{"line":14,"column":4},"end":{"line":16,"column":5}},"8":{"start":{"line":15,"column":6},"end":{"line":null,"column":-1}},"9":{"start":{"line":18,"column":2},"end":{"line":null,"column":-1}},"10":{"start":{"line":34,"column":0},"end":{"line":null,"column":-1}}},"fnMap":{"0":{"name":"Button","decl":{"start":{"line":5,"column":9},"end":{"line":5,"column":0}},"loc":{"start":{"line":7,"column":3},"end":{"line":30,"column":1}}},"1":{"name":"handlerKeyDown","decl":{"start":{"line":13,"column":8},"end":{"line":13,"column":25}},"loc":{"start":{"line":13,"column":36},"end":{"line":13,"column":2}}}},"branchMap":{"0":{"loc":{"start":{"line":14,"column":4},"end":{"line":16,"column":5}},"type":"if","locations":[{"start":{"line":14,"column":4},"end":{"line":16,"column":5}},{"start":{"line":14,"column":4},"end":{"line":16,"column":5}}]}},"s":{"0":0,"1":0,"2":0,"3":0,"4":0,"5":0,"6":0,"7":0,"8":0,"9":0,"10":0},"f":{"0":0,"1":0},"b":{"0":[0,0]}}
,"/home/arzion-lenovo1/Documents/Gianfranco/reverdux/src/components/cell.js": {"path":"/home/arzion-lenovo1/Documents/Gianfranco/reverdux/src/components/cell.js","statementMap":{"0":{"start":{"line":9,"column":2},"end":{"line":11,"column":4}},"1":{"start":{"line":12,"column":24},"end":{"line":16,"column":3}},"2":{"start":{"line":13,"column":4},"end":{"line":15,"column":5}},"3":{"start":{"line":14,"column":6},"end":{"line":14,"column":29}},"4":{"start":{"line":17,"column":18},"end":{"line":17,"column":50}},"5":{"start":{"line":18,"column":2},"end":{"line":18,"column":58}},"6":{"start":{"line":18,"column":25},"end":{"line":18,"column":56}},"7":{"start":{"line":20,"column":2},"end":{"line":30,"column":4}},"8":{"start":{"line":25,"column":21},"end":{"line":25,"column":43}},"9":{"start":{"line":35,"column":0},"end":{"line":40,"column":2}}},"fnMap":{"0":{"name":"Cell","decl":{"start":{"line":6,"column":9},"end":{"line":6,"column":13}},"loc":{"start":{"line":8,"column":3},"end":{"line":31,"column":1}},"line":8},"1":{"name":"(anonymous_1)","decl":{"start":{"line":12,"column":24},"end":{"line":12,"column":25}},"loc":{"start":{"line":12,"column":35},"end":{"line":16,"column":3}},"line":12},"2":{"name":"(anonymous_2)","decl":{"start":{"line":25,"column":15},"end":{"line":25,"column":16}},"loc":{"start":{"line":25,"column":21},"end":{"line":25,"column":43}},"line":25}},"branchMap":{"0":{"loc":{"start":{"line":13,"column":4},"end":{"line":15,"column":5}},"type":"if","locations":[{"start":{"line":13,"column":4},"end":{"line":15,"column":5}},{"start":{"line":13,"column":4},"end":{"line":15,"column":5}}],"line":13},"1":{"loc":{"start":{"line":18,"column":2},"end":{"line":18,"column":58}},"type":"if","locations":[{"start":{"line":18,"column":2},"end":{"line":18,"column":58}},{"start":{"line":18,"column":2},"end":{"line":18,"column":58}}],"line":18}},"s":{"0":1,"1":1,"2":0,"3":0,"4":1,"5":1,"6":0,"7":1,"8":0,"9":1},"f":{"0":1,"1":0,"2":0},"b":{"0":[0,0],"1":[0,1]},"_coverageSchema":"332fd63041d2c1bcb487cc26dd0d5f7d97098a6c","hash":"164fa46ff07483b95f835361561a51f1cfafe134"}
,"/home/arzion-lenovo1/Documents/Gianfranco/reverdux/src/components/game-layout.js": {"path":"/home/arzion-lenovo1/Documents/Gianfranco/reverdux/src/components/game-layout.js","statementMap":{"0":{"start":{"line":1,"column":0},"end":{"line":null,"column":-1}},"1":{"start":{"line":2,"column":0},"end":{"line":null,"column":-1}},"2":{"start":{"line":3,"column":0},"end":{"line":null,"column":-1}},"3":{"start":{"line":4,"column":0},"end":{"line":null,"column":-1}},"4":{"start":{"line":5,"column":0},"end":{"line":null,"column":-1}},"5":{"start":{"line":6,"column":0},"end":{"line":null,"column":-1}},"6":{"start":{"line":7,"column":0},"end":{"line":null,"column":-1}},"7":{"start":{"line":8,"column":0},"end":{"line":null,"column":-1}},"8":{"start":{"line":9,"column":0},"end":{"line":null,"column":-1}},"9":{"start":{"line":13,"column":3},"end":{"line":13,"column":2}},"10":{"start":{"line":14,"column":2},"end":{"line":null,"column":-1}},"11":{"start":{"line":45,"column":0},"end":{"line":null,"column":-1}}},"fnMap":{"0":{"name":"GameLayout","decl":{"start":{"line":11,"column":9},"end":{"line":11,"column":0}},"loc":{"start":{"line":13,"column":3},"end":{"line":41,"column":1}}}},"branchMap":{"0":{"loc":{"start":{"line":22,"column":8},"end":{"line":21,"column":7}},"type":"cond-expr","locations":[{"start":{"line":22,"column":8},"end":{"line":21,"column":7}},{"start":{"line":24,"column":8},"end":{"line":15,"column":4}}]}},"s":{"0":0,"1":0,"2":0,"3":0,"4":0,"5":0,"6":0,"7":0,"8":0,"9":0,"10":0,"11":0},"f":{"0":0},"b":{"0":[0,0]}}
,"/home/arzion-lenovo1/Documents/Gianfranco/reverdux/src/components/menu.js": {"path":"/home/arzion-lenovo1/Documents/Gianfranco/reverdux/src/components/menu.js","statementMap":{"0":{"start":{"line":1,"column":0},"end":{"line":null,"column":-1}},"1":{"start":{"line":2,"column":0},"end":{"line":null,"column":-1}},"2":{"start":{"line":3,"column":0},"end":{"line":null,"column":-1}},"3":{"start":{"line":4,"column":0},"end":{"line":null,"column":-1}},"4":{"start":{"line":5,"column":0},"end":{"line":null,"column":-1}},"5":{"start":{"line":6,"column":0},"end":{"line":null,"column":-1}},"6":{"start":{"line":10,"column":3},"end":{"line":10,"column":2}},"7":{"start":{"line":11,"column":2},"end":{"line":null,"column":-1}},"8":{"start":{"line":45,"column":0},"end":{"line":null,"column":-1}}},"fnMap":{"0":{"name":"Menu","decl":{"start":{"line":8,"column":9},"end":{"line":8,"column":0}},"loc":{"start":{"line":10,"column":3},"end":{"line":41,"column":1}}}},"branchMap":{"0":{"loc":{"start":{"line":12,"column":4},"end":{"line":11,"column":9}},"type":"cond-expr","locations":[{"start":{"line":12,"column":4},"end":{"line":11,"column":9}},{"start":{"line":18,"column":4},"end":{"line":11,"column":2}}]},"1":{"loc":{"start":{"line":11,"column":9},"end":{"line":11,"column":17}},"type":"binary-expr","locations":[{"start":{"line":11,"column":9},"end":{"line":11,"column":17}},{"start":{"line":11,"column":18},"end":{"line":11,"column":9}}]}},"s":{"0":0,"1":0,"2":0,"3":0,"4":0,"5":0,"6":0,"7":0,"8":0},"f":{"0":0},"b":{"0":[0,0],"1":[0,0]}}
,"/home/arzion-lenovo1/Documents/Gianfranco/reverdux/src/components/player-input.js": {"path":"/home/arzion-lenovo1/Documents/Gianfranco/reverdux/src/components/player-input.js","statementMap":{"0":{"start":{"line":1,"column":0},"end":{"line":null,"column":-1}},"1":{"start":{"line":2,"column":0},"end":{"line":null,"column":-1}},"2":{"start":{"line":3,"column":0},"end":{"line":null,"column":-1}},"3":{"start":{"line":5,"column":20},"end":{"line":5,"column":0}},"4":{"start":{"line":5,"column":48},"end":{"line":5,"column":47}},"5":{"start":{"line":6,"column":25},"end":{"line":6,"column":2}},"6":{"start":{"line":8,"column":2},"end":{"line":null,"column":-1}},"7":{"start":{"line":16,"column":15},"end":{"line":null,"column":-1}},"8":{"start":{"line":25,"column":0},"end":{"line":null,"column":-1}}},"fnMap":{"0":{"name":"PlayerInput","decl":{"start":{"line":5,"column":6},"end":{"line":5,"column":20}},"loc":{"start":{"line":5,"column":48},"end":{"line":5,"column":0}}},"1":{"name":"onKeyUp","decl":{"start":{"line":16,"column":15},"end":{"line":null,"column":-1}},"loc":{"start":{"line":16,"column":15},"end":{"line":null,"column":-1}}}},"branchMap":{},"s":{"0":0,"1":0,"2":0,"3":0,"4":0,"5":0,"6":0,"7":0,"8":0},"f":{"0":0,"1":0},"b":{}}
,"/home/arzion-lenovo1/Documents/Gianfranco/reverdux/src/components/record-board.js": {"path":"/home/arzion-lenovo1/Documents/Gianfranco/reverdux/src/components/record-board.js","statementMap":{"0":{"start":{"line":1,"column":0},"end":{"line":null,"column":-1}},"1":{"start":{"line":2,"column":0},"end":{"line":null,"column":-1}},"2":{"start":{"line":3,"column":0},"end":{"line":null,"column":-1}},"3":{"start":{"line":4,"column":0},"end":{"line":null,"column":-1}},"4":{"start":{"line":5,"column":0},"end":{"line":null,"column":-1}},"5":{"start":{"line":7,"column":51},"end":{"line":7,"column":50}},"6":{"start":{"line":8,"column":19},"end":{"line":8,"column":2}},"7":{"start":{"line":9,"column":2},"end":{"line":null,"column":-1}},"8":{"start":{"line":24,"column":0},"end":{"line":null,"column":-1}}},"fnMap":{"0":{"name":"RecordBoard","decl":{"start":{"line":7,"column":9},"end":{"line":7,"column":0}},"loc":{"start":{"line":7,"column":51},"end":{"line":20,"column":1}}}},"branchMap":{},"s":{"0":0,"1":0,"2":0,"3":0,"4":0,"5":0,"6":0,"7":0,"8":0},"f":{"0":0},"b":{}}
,"/home/arzion-lenovo1/Documents/Gianfranco/reverdux/src/components/records.js": {"path":"/home/arzion-lenovo1/Documents/Gianfranco/reverdux/src/components/records.js","statementMap":{"0":{"start":{"line":1,"column":0},"end":{"line":null,"column":-1}},"1":{"start":{"line":2,"column":0},"end":{"line":null,"column":-1}},"2":{"start":{"line":3,"column":0},"end":{"line":null,"column":-1}},"3":{"start":{"line":4,"column":0},"end":{"line":null,"column":-1}},"4":{"start":{"line":5,"column":0},"end":{"line":null,"column":-1}},"5":{"start":{"line":9,"column":3},"end":{"line":9,"column":2}},"6":{"start":{"line":10,"column":21},"end":{"line":10,"column":2}},"7":{"start":{"line":11,"column":21},"end":{"line":11,"column":4}},"8":{"start":{"line":12,"column":4},"end":{"line":12,"column":58}},"9":{"start":{"line":12,"column":24},"end":{"line":null,"column":-1}},"10":{"start":{"line":13,"column":4},"end":{"line":13,"column":59}},"11":{"start":{"line":13,"column":24},"end":{"line":null,"column":-1}},"12":{"start":{"line":14,"column":4},"end":{"line":14,"column":54}},"13":{"start":{"line":14,"column":20},"end":{"line":null,"column":-1}},"14":{"start":{"line":15,"column":4},"end":{"line":null,"column":-1}},"15":{"start":{"line":18,"column":2},"end":{"line":null,"column":-1}},"16":{"start":{"line":25,"column":36},"end":{"line":null,"column":-1}},"17":{"start":{"line":30,"column":21},"end":{"line":null,"column":-1}},"18":{"start":{"line":31,"column":23},"end":{"line":null,"column":-1}},"19":{"start":{"line":48,"column":0},"end":{"line":null,"column":-1}}},"fnMap":{"0":{"name":"BoardRecords","decl":{"start":{"line":7,"column":9},"end":{"line":7,"column":0}},"loc":{"start":{"line":9,"column":3},"end":{"line":44,"column":1}}},"1":{"name":"colorBadge","decl":{"start":{"line":10,"column":8},"end":{"line":10,"column":21}},"loc":{"start":{"line":10,"column":37},"end":{"line":10,"column":2}}},"2":{"name":"(anonymous_3)","decl":{"start":{"line":25,"column":36},"end":{"line":25,"column":36}},"loc":{"start":{"line":25,"column":36},"end":{"line":25,"column":9}}},"3":{"name":"onClick","decl":{"start":{"line":30,"column":21},"end":{"line":null,"column":-1}},"loc":{"start":{"line":30,"column":21},"end":{"line":26,"column":10}}},"4":{"name":"onKeyDown","decl":{"start":{"line":31,"column":23},"end":{"line":null,"column":-1}},"loc":{"start":{"line":31,"column":23},"end":{"line":null,"column":-1}}}},"branchMap":{"0":{"loc":{"start":{"line":12,"column":4},"end":{"line":12,"column":58}},"type":"if","locations":[{"start":{"line":12,"column":4},"end":{"line":12,"column":58}},{"start":{"line":12,"column":4},"end":{"line":12,"column":58}}]},"1":{"loc":{"start":{"line":13,"column":4},"end":{"line":13,"column":59}},"type":"if","locations":[{"start":{"line":13,"column":4},"end":{"line":13,"column":59}},{"start":{"line":13,"column":4},"end":{"line":13,"column":59}}]},"2":{"loc":{"start":{"line":14,"column":4},"end":{"line":14,"column":54}},"type":"if","locations":[{"start":{"line":14,"column":4},"end":{"line":14,"column":54}},{"start":{"line":14,"column":4},"end":{"line":14,"column":54}}]},"3":{"loc":{"start":{"line":37,"column":15},"end":{"line":37,"column":14}},"type":"cond-expr","locations":[{"start":{"line":37,"column":15},"end":{"line":37,"column":14}},{"start":{"line":37,"column":71},"end":{"line":null,"column":-1}}]}},"s":{"0":0,"1":0,"2":0,"3":0,"4":0,"5":0,"6":0,"7":0,"8":0,"9":0,"10":0,"11":0,"12":0,"13":0,"14":0,"15":0,"16":0,"17":0,"18":0,"19":0},"f":{"0":0,"1":0,"2":0,"3":0,"4":0},"b":{"0":[0,0],"1":[0,0],"2":[0,0],"3":[0,0]}}
,"/home/arzion-lenovo1/Documents/Gianfranco/reverdux/src/components/score.js": {"path":"/home/arzion-lenovo1/Documents/Gianfranco/reverdux/src/components/score.js","statementMap":{"0":{"start":{"line":1,"column":0},"end":{"line":null,"column":-1}},"1":{"start":{"line":2,"column":0},"end":{"line":null,"column":-1}},"2":{"start":{"line":3,"column":0},"end":{"line":null,"column":-1}},"3":{"start":{"line":5,"column":35},"end":{"line":5,"column":34}},"4":{"start":{"line":6,"column":2},"end":{"line":null,"column":-1}},"5":{"start":{"line":33,"column":0},"end":{"line":null,"column":-1}}},"fnMap":{"0":{"name":"Score","decl":{"start":{"line":5,"column":9},"end":{"line":5,"column":0}},"loc":{"start":{"line":5,"column":35},"end":{"line":29,"column":1}}}},"branchMap":{},"s":{"0":0,"1":0,"2":0,"3":0,"4":0,"5":0},"f":{"0":0},"b":{}}
,"/home/arzion-lenovo1/Documents/Gianfranco/reverdux/src/components/turn.js": {"path":"/home/arzion-lenovo1/Documents/Gianfranco/reverdux/src/components/turn.js","statementMap":{"0":{"start":{"line":1,"column":0},"end":{"line":null,"column":-1}},"1":{"start":{"line":2,"column":0},"end":{"line":null,"column":-1}},"2":{"start":{"line":3,"column":0},"end":{"line":null,"column":-1}},"3":{"start":{"line":4,"column":0},"end":{"line":null,"column":-1}},"4":{"start":{"line":5,"column":0},"end":{"line":null,"column":-1}},"5":{"start":{"line":6,"column":0},"end":{"line":null,"column":-1}},"6":{"start":{"line":10,"column":3},"end":{"line":10,"column":2}},"7":{"start":{"line":11,"column":2},"end":{"line":null,"column":-1}},"8":{"start":{"line":16,"column":19},"end":{"line":16,"column":2}},"9":{"start":{"line":20,"column":19},"end":{"line":20,"column":2}},"10":{"start":{"line":26,"column":20},"end":{"line":26,"column":2}},"11":{"start":{"line":30,"column":20},"end":{"line":30,"column":2}},"12":{"start":{"line":31,"column":21},"end":{"line":31,"column":2}},"13":{"start":{"line":32,"column":2},"end":{"line":null,"column":-1}},"14":{"start":{"line":65,"column":0},"end":{"line":null,"column":-1}}},"fnMap":{"0":{"name":"Turn","decl":{"start":{"line":8,"column":9},"end":{"line":8,"column":0}},"loc":{"start":{"line":10,"column":3},"end":{"line":61,"column":1}}},"1":{"name":"actions","decl":{"start":{"line":13,"column":13},"end":{"line":13,"column":18}},"loc":{"start":{"line":13,"column":19},"end":{"line":13,"column":21}}}},"branchMap":{"0":{"loc":{"start":{"line":30,"column":33},"end":{"line":30,"column":20}},"type":"cond-expr","locations":[{"start":{"line":30,"column":33},"end":{"line":30,"column":20}},{"start":{"line":30,"column":61},"end":{"line":30,"column":2}}]},"1":{"loc":{"start":{"line":33,"column":4},"end":{"line":32,"column":9}},"type":"cond-expr","locations":[{"start":{"line":33,"column":4},"end":{"line":32,"column":9}},{"start":{"line":48,"column":4},"end":{"line":32,"column":2}}]}},"s":{"0":0,"1":0,"2":0,"3":0,"4":0,"5":0,"6":0,"7":0,"8":0,"9":0,"10":0,"11":0,"12":0,"13":0,"14":0},"f":{"0":0,"1":0},"b":{"0":[0,0],"1":[0,0]}}
,"/home/arzion-lenovo1/Documents/Gianfranco/reverdux/src/components/winner-message.js": {"path":"/home/arzion-lenovo1/Documents/Gianfranco/reverdux/src/components/winner-message.js","statementMap":{"0":{"start":{"line":1,"column":0},"end":{"line":null,"column":-1}},"1":{"start":{"line":2,"column":0},"end":{"line":null,"column":-1}},"2":{"start":{"line":3,"column":0},"end":{"line":null,"column":-1}},"3":{"start":{"line":4,"column":0},"end":{"line":null,"column":-1}},"4":{"start":{"line":6,"column":44},"end":{"line":6,"column":43}},"5":{"start":{"line":7,"column":19},"end":{"line":7,"column":2}},"6":{"start":{"line":11,"column":20},"end":{"line":11,"column":2}},"7":{"start":{"line":15,"column":2},"end":{"line":null,"column":-1}},"8":{"start":{"line":29,"column":0},"end":{"line":null,"column":-1}}},"fnMap":{"0":{"name":"WinnerMessage","decl":{"start":{"line":6,"column":9},"end":{"line":6,"column":0}},"loc":{"start":{"line":6,"column":44},"end":{"line":25,"column":1}}}},"branchMap":{},"s":{"0":0,"1":0,"2":0,"3":0,"4":0,"5":0,"6":0,"7":0,"8":0},"f":{"0":0},"b":{}}
,"/home/arzion-lenovo1/Documents/Gianfranco/reverdux/src/containers/game.js": {"path":"/home/arzion-lenovo1/Documents/Gianfranco/reverdux/src/containers/game.js","statementMap":{"0":{"start":{"line":1,"column":0},"end":{"line":null,"column":-1}},"1":{"start":{"line":2,"column":0},"end":{"line":null,"column":-1}},"2":{"start":{"line":3,"column":0},"end":{"line":null,"column":-1}},"3":{"start":{"line":4,"column":0},"end":{"line":null,"column":-1}},"4":{"start":{"line":5,"column":0},"end":{"line":null,"column":-1}},"5":{"start":{"line":6,"column":0},"end":{"line":null,"column":-1}},"6":{"start":{"line":7,"column":0},"end":{"line":null,"column":-1}},"7":{"start":{"line":8,"column":0},"end":{"line":null,"column":-1}},"8":{"start":{"line":9,"column":0},"end":{"line":null,"column":-1}},"9":{"start":{"line":10,"column":0},"end":{"line":null,"column":-1}},"10":{"start":{"line":19,"column":8},"end":{"line":13,"column":11}},"11":{"start":{"line":13,"column":11},"end":{"line":13,"column":10}},"12":{"start":{"line":20,"column":17},"end":{"line":20,"column":4}},"13":{"start":{"line":21,"column":20},"end":{"line":21,"column":4}},"14":{"start":{"line":22,"column":4},"end":{"line":null,"column":-1}},"15":{"start":{"line":59,"column":24},"end":{"line":59,"column":0}},"16":{"start":{"line":59,"column":24},"end":{"line":null,"column":-1}},"17":{"start":{"line":76,"column":2},"end":{"line":null,"column":-1}},"18":{"start":{"line":81,"column":0},"end":{"line":null,"column":-1}}},"fnMap":{"0":{"name":"mapStateToProps","decl":{"start":{"line":59,"column":6},"end":{"line":59,"column":24}},"loc":{"start":{"line":59,"column":24},"end":{"line":59,"column":0}}},"1":{"name":"(anonymous_12)","decl":{"start":{"line":76,"column":2},"end":{"line":null,"column":-1}},"loc":{"start":{"line":76,"column":2},"end":{"line":74,"column":15}}}},"branchMap":{"0":{"loc":{"start":{"line":20,"column":17},"end":{"line":20,"column":38}},"type":"binary-expr","locations":[{"start":{"line":20,"column":17},"end":{"line":20,"column":38}},{"start":{"line":20,"column":39},"end":{"line":20,"column":47}},{"start":{"line":20,"column":48},"end":{"line":20,"column":4}}]},"1":{"loc":{"start":{"line":21,"column":20},"end":{"line":21,"column":19}},"type":"binary-expr","locations":[{"start":{"line":21,"column":20},"end":{"line":21,"column":19}},{"start":{"line":21,"column":30},"end":{"line":21,"column":20}},{"start":{"line":21,"column":52},"end":{"line":21,"column":4}}]},"2":{"loc":{"start":{"line":24,"column":10},"end":{"line":25,"column":9}},"type":"binary-expr","locations":[{"start":{"line":24,"column":10},"end":{"line":25,"column":9}},{"start":{"line":25,"column":10},"end":{"line":23,"column":6}}]},"3":{"loc":{"start":{"line":34,"column":10},"end":{"line":35,"column":9}},"type":"binary-expr","locations":[{"start":{"line":34,"column":10},"end":{"line":35,"column":9}},{"start":{"line":35,"column":10},"end":{"line":23,"column":6}}]},"4":{"loc":{"start":{"line":41,"column":10},"end":{"line":42,"column":9}},"type":"binary-expr","locations":[{"start":{"line":41,"column":10},"end":{"line":42,"column":9}},{"start":{"line":42,"column":10},"end":{"line":null,"column":-1}}]}},"s":{"0":0,"1":0,"2":0,"3":0,"4":0,"5":0,"6":0,"7":0,"8":0,"9":0,"10":0,"11":0,"12":0,"13":0,"14":0,"15":0,"16":0,"17":0,"18":0},"f":{"0":0,"1":0},"b":{"0":[0,0,0],"1":[0,0,0],"2":[0,0],"3":[0,0],"4":[0,0]}}
,"/home/arzion-lenovo1/Documents/Gianfranco/reverdux/src/libs/board-libs.js": {"path":"/home/arzion-lenovo1/Documents/Gianfranco/reverdux/src/libs/board-libs.js","statementMap":{"0":{"start":{"line":1,"column":29},"end":{"line":1,"column":99}},"1":{"start":{"line":3,"column":25},"end":{"line":6,"column":1}},"2":{"start":{"line":4,"column":2},"end":{"line":4,"column":53}},"3":{"start":{"line":4,"column":23},"end":{"line":4,"column":51}},"4":{"start":{"line":5,"column":2},"end":{"line":5,"column":18}},"5":{"start":{"line":8,"column":23},"end":{"line":8,"column":50}},"6":{"start":{"line":8,"column":37},"end":{"line":8,"column":50}},"7":{"start":{"line":10,"column":26},"end":{"line":18,"column":1}},"8":{"start":{"line":11,"column":2},"end":{"line":13,"column":3}},"9":{"start":{"line":12,"column":4},"end":{"line":12,"column":48}},"10":{"start":{"line":14,"column":2},"end":{"line":16,"column":3}},"11":{"start":{"line":15,"column":4},"end":{"line":15,"column":48}},"12":{"start":{"line":17,"column":2},"end":{"line":17,"column":25}},"13":{"start":{"line":20,"column":28},"end":{"line":20,"column":60}},"14":{"start":{"line":20,"column":39},"end":{"line":20,"column":59}},"15":{"start":{"line":21,"column":21},"end":{"line":29,"column":1}},"16":{"start":{"line":22,"column":16},"end":{"line":22,"column":17}},"17":{"start":{"line":23,"column":2},"end":{"line":27,"column":5}},"18":{"start":{"line":24,"column":4},"end":{"line":26,"column":5}},"19":{"start":{"line":25,"column":6},"end":{"line":25,"column":16}},"20":{"start":{"line":28,"column":2},"end":{"line":28,"column":17}},"21":{"start":{"line":30,"column":22},"end":{"line":32,"column":1}},"22":{"start":{"line":31,"column":2},"end":{"line":31,"column":89}},"23":{"start":{"line":34,"column":25},"end":{"line":36,"column":1}},"24":{"start":{"line":35,"column":2},"end":{"line":35,"column":84}},"25":{"start":{"line":38,"column":24},"end":{"line":41,"column":2}},"26":{"start":{"line":38,"column":34},"end":{"line":41,"column":1}},"27":{"start":{"line":42,"column":27},"end":{"line":44,"column":1}},"28":{"start":{"line":43,"column":2},"end":{"line":43,"column":58}},"29":{"start":{"line":46,"column":27},"end":{"line":52,"column":1}},"30":{"start":{"line":48,"column":2},"end":{"line":50,"column":3}},"31":{"start":{"line":49,"column":4},"end":{"line":49,"column":16}},"32":{"start":{"line":51,"column":2},"end":{"line":51,"column":15}},"33":{"start":{"line":54,"column":30},"end":{"line":59,"column":1}},"34":{"start":{"line":55,"column":2},"end":{"line":57,"column":3}},"35":{"start":{"line":56,"column":4},"end":{"line":56,"column":16}},"36":{"start":{"line":58,"column":2},"end":{"line":58,"column":15}},"37":{"start":{"line":61,"column":37},"end":{"line":81,"column":1}},"38":{"start":{"line":62,"column":20},"end":{"line":62,"column":31}},"39":{"start":{"line":63,"column":22},"end":{"line":63,"column":48}},"40":{"start":{"line":64,"column":20},"end":{"line":64,"column":21}},"41":{"start":{"line":66,"column":2},"end":{"line":68,"column":3}},"42":{"start":{"line":67,"column":4},"end":{"line":67,"column":24}},"43":{"start":{"line":69,"column":2},"end":{"line":71,"column":3}},"44":{"start":{"line":70,"column":4},"end":{"line":70,"column":14}},"45":{"start":{"line":72,"column":2},"end":{"line":80,"column":3}},"46":{"start":{"line":73,"column":18},"end":{"line":73,"column":20}},"47":{"start":{"line":74,"column":4},"end":{"line":74,"column":38}},"48":{"start":{"line":75,"column":20},"end":{"line":75,"column":70}},"49":{"start":{"line":76,"column":20},"end":{"line":76,"column":70}},"50":{"start":{"line":77,"column":21},"end":{"line":77,"column":46}},"51":{"start":{"line":78,"column":4},"end":{"line":78,"column":56}},"52":{"start":{"line":78,"column":44},"end":{"line":78,"column":54}},"53":{"start":{"line":79,"column":4},"end":{"line":79,"column":84}},"54":{"start":{"line":83,"column":38},"end":{"line":94,"column":1}},"55":{"start":{"line":84,"column":2},"end":{"line":93,"column":4}},"56":{"start":{"line":85,"column":19},"end":{"line":85,"column":44}},"57":{"start":{"line":86,"column":19},"end":{"line":86,"column":44}},"58":{"start":{"line":87,"column":4},"end":{"line":92,"column":6}},"59":{"start":{"line":96,"column":23},"end":{"line":103,"column":1}},"60":{"start":{"line":97,"column":23},"end":{"line":97,"column":41}},"61":{"start":{"line":98,"column":2},"end":{"line":101,"column":3}},"62":{"start":{"line":100,"column":4},"end":{"line":100,"column":16}},"63":{"start":{"line":102,"column":2},"end":{"line":102,"column":15}},"64":{"start":{"line":105,"column":32},"end":{"line":126,"column":1}},"65":{"start":{"line":106,"column":20},"end":{"line":106,"column":22}},"66":{"start":{"line":107,"column":2},"end":{"line":124,"column":5}},"67":{"start":{"line":108,"column":4},"end":{"line":123,"column":5}},"68":{"start":{"line":109,"column":6},"end":{"line":122,"column":7}},"69":{"start":{"line":110,"column":34},"end":{"line":110,"column":36}},"70":{"start":{"line":111,"column":22},"end":{"line":117,"column":9}},"71":{"start":{"line":118,"column":8},"end":{"line":120,"column":9}},"72":{"start":{"line":119,"column":10},"end":{"line":119,"column":23}},"73":{"start":{"line":121,"column":8},"end":{"line":121,"column":49}},"74":{"start":{"line":125,"column":2},"end":{"line":125,"column":21}},"75":{"start":{"line":128,"column":26},"end":{"line":128,"column":54}},"76":{"start":{"line":128,"column":35},"end":{"line":128,"column":53}},"77":{"start":{"line":130,"column":27},"end":{"line":138,"column":1}},"78":{"start":{"line":132,"column":16},"end":{"line":132,"column":24}},"79":{"start":{"line":134,"column":2},"end":{"line":136,"column":5}},"80":{"start":{"line":135,"column":4},"end":{"line":135,"column":20}},"81":{"start":{"line":137,"column":2},"end":{"line":137,"column":15}},"82":{"start":{"line":140,"column":20},"end":{"line":156,"column":1}},"83":{"start":{"line":141,"column":18},"end":{"line":141,"column":34}},"84":{"start":{"line":142,"column":15},"end":{"line":142,"column":17}},"85":{"start":{"line":144,"column":2},"end":{"line":154,"column":5}},"86":{"start":{"line":145,"column":22},"end":{"line":145,"column":24}},"87":{"start":{"line":146,"column":4},"end":{"line":150,"column":5}},"88":{"start":{"line":147,"column":18},"end":{"line":147,"column":38}},"89":{"start":{"line":148,"column":18},"end":{"line":148,"column":38}},"90":{"start":{"line":149,"column":6},"end":{"line":149,"column":63}},"91":{"start":{"line":151,"column":4},"end":{"line":153,"column":5}},"92":{"start":{"line":152,"column":6},"end":{"line":152,"column":33}},"93":{"start":{"line":155,"column":2},"end":{"line":155,"column":16}},"94":{"start":{"line":158,"column":27},"end":{"line":199,"column":1}},"95":{"start":{"line":159,"column":20},"end":{"line":159,"column":25}},"96":{"start":{"line":160,"column":19},"end":{"line":160,"column":24}},"97":{"start":{"line":161,"column":22},"end":{"line":161,"column":33}},"98":{"start":{"line":162,"column":14},"end":{"line":162,"column":41}},"99":{"start":{"line":163,"column":14},"end":{"line":163,"column":41}},"100":{"start":{"line":165,"column":20},"end":{"line":165,"column":22}},"101":{"start":{"line":166,"column":2},"end":{"line":168,"column":3}},"102":{"start":{"line":167,"column":4},"end":{"line":167,"column":58}},"103":{"start":{"line":169,"column":2},"end":{"line":197,"column":3}},"104":{"start":{"line":170,"column":25},"end":{"line":170,"column":86}},"105":{"start":{"line":171,"column":18},"end":{"line":171,"column":40}},"106":{"start":{"line":172,"column":18},"end":{"line":172,"column":34}},"107":{"start":{"line":174,"column":19},"end":{"line":174,"column":37}},"108":{"start":{"line":175,"column":4},"end":{"line":179,"column":7}},"109":{"start":{"line":181,"column":23},"end":{"line":181,"column":25}},"110":{"start":{"line":182,"column":4},"end":{"line":184,"column":5}},"111":{"start":{"line":183,"column":6},"end":{"line":183,"column":42}},"112":{"start":{"line":185,"column":20},"end":{"line":185,"column":44}},"113":{"start":{"line":187,"column":4},"end":{"line":196,"column":6}},"114":{"start":{"line":198,"column":2},"end":{"line":198,"column":15}},"115":{"start":{"line":201,"column":30},"end":{"line":209,"column":1}},"116":{"start":{"line":202,"column":22},"end":{"line":202,"column":27}},"117":{"start":{"line":203,"column":2},"end":{"line":203,"column":96}},"118":{"start":{"line":203,"column":59},"end":{"line":203,"column":94}},"119":{"start":{"line":204,"column":2},"end":{"line":204,"column":96}},"120":{"start":{"line":204,"column":59},"end":{"line":204,"column":94}},"121":{"start":{"line":205,"column":2},"end":{"line":208,"column":4}},"122":{"start":{"line":211,"column":26},"end":{"line":219,"column":1}},"123":{"start":{"line":212,"column":21},"end":{"line":212,"column":27}},"124":{"start":{"line":213,"column":2},"end":{"line":218,"column":3}},"125":{"start":{"line":221,"column":24},"end":{"line":230,"column":1}},"126":{"start":{"line":221,"column":30},"end":{"line":230,"column":1}},"127":{"start":{"line":232,"column":24},"end":{"line":232,"column":66}},"128":{"start":{"line":232,"column":33},"end":{"line":232,"column":66}},"129":{"start":{"line":233,"column":27},"end":{"line":233,"column":57}},"130":{"start":{"line":233,"column":36},"end":{"line":233,"column":57}}},"fnMap":{"0":{"name":"(anonymous_0)","decl":{"start":{"line":3,"column":25},"end":{"line":3,"column":26}},"loc":{"start":{"line":3,"column":42},"end":{"line":6,"column":1}},"line":3},"1":{"name":"(anonymous_1)","decl":{"start":{"line":8,"column":23},"end":{"line":8,"column":24}},"loc":{"start":{"line":8,"column":37},"end":{"line":8,"column":50}},"line":8},"2":{"name":"(anonymous_2)","decl":{"start":{"line":10,"column":26},"end":{"line":10,"column":27}},"loc":{"start":{"line":10,"column":48},"end":{"line":18,"column":1}},"line":10},"3":{"name":"(anonymous_3)","decl":{"start":{"line":20,"column":28},"end":{"line":20,"column":29}},"loc":{"start":{"line":20,"column":39},"end":{"line":20,"column":59}},"line":20},"4":{"name":"(anonymous_4)","decl":{"start":{"line":21,"column":21},"end":{"line":21,"column":22}},"loc":{"start":{"line":21,"column":37},"end":{"line":29,"column":1}},"line":21},"5":{"name":"(anonymous_5)","decl":{"start":{"line":23,"column":10},"end":{"line":23,"column":11}},"loc":{"start":{"line":23,"column":35},"end":{"line":27,"column":3}},"line":23},"6":{"name":"(anonymous_6)","decl":{"start":{"line":30,"column":22},"end":{"line":30,"column":23}},"loc":{"start":{"line":31,"column":2},"end":{"line":31,"column":89}},"line":31},"7":{"name":"(anonymous_7)","decl":{"start":{"line":34,"column":25},"end":{"line":34,"column":26}},"loc":{"start":{"line":35,"column":2},"end":{"line":35,"column":84}},"line":35},"8":{"name":"(anonymous_8)","decl":{"start":{"line":38,"column":24},"end":{"line":38,"column":25}},"loc":{"start":{"line":38,"column":34},"end":{"line":41,"column":1}},"line":38},"9":{"name":"(anonymous_9)","decl":{"start":{"line":42,"column":27},"end":{"line":42,"column":28}},"loc":{"start":{"line":43,"column":2},"end":{"line":43,"column":58}},"line":43},"10":{"name":"(anonymous_10)","decl":{"start":{"line":46,"column":27},"end":{"line":46,"column":28}},"loc":{"start":{"line":46,"column":44},"end":{"line":52,"column":1}},"line":46},"11":{"name":"(anonymous_11)","decl":{"start":{"line":54,"column":30},"end":{"line":54,"column":31}},"loc":{"start":{"line":54,"column":40},"end":{"line":59,"column":1}},"line":54},"12":{"name":"(anonymous_12)","decl":{"start":{"line":61,"column":37},"end":{"line":61,"column":38}},"loc":{"start":{"line":61,"column":93},"end":{"line":81,"column":1}},"line":61},"13":{"name":"(anonymous_13)","decl":{"start":{"line":83,"column":38},"end":{"line":83,"column":39}},"loc":{"start":{"line":84,"column":2},"end":{"line":93,"column":4}},"line":84},"14":{"name":"(anonymous_14)","decl":{"start":{"line":84,"column":20},"end":{"line":84,"column":21}},"loc":{"start":{"line":84,"column":51},"end":{"line":93,"column":3}},"line":84},"15":{"name":"(anonymous_15)","decl":{"start":{"line":96,"column":23},"end":{"line":96,"column":24}},"loc":{"start":{"line":96,"column":53},"end":{"line":103,"column":1}},"line":96},"16":{"name":"(anonymous_16)","decl":{"start":{"line":105,"column":32},"end":{"line":105,"column":33}},"loc":{"start":{"line":105,"column":59},"end":{"line":126,"column":1}},"line":105},"17":{"name":"(anonymous_17)","decl":{"start":{"line":107,"column":39},"end":{"line":107,"column":40}},"loc":{"start":{"line":107,"column":52},"end":{"line":124,"column":3}},"line":107},"18":{"name":"(anonymous_18)","decl":{"start":{"line":128,"column":26},"end":{"line":128,"column":27}},"loc":{"start":{"line":128,"column":35},"end":{"line":128,"column":53}},"line":128},"19":{"name":"(anonymous_19)","decl":{"start":{"line":130,"column":27},"end":{"line":130,"column":28}},"loc":{"start":{"line":130,"column":60},"end":{"line":138,"column":1}},"line":130},"20":{"name":"(anonymous_20)","decl":{"start":{"line":134,"column":18},"end":{"line":134,"column":19}},"loc":{"start":{"line":134,"column":25},"end":{"line":136,"column":3}},"line":134},"21":{"name":"(anonymous_21)","decl":{"start":{"line":140,"column":20},"end":{"line":140,"column":21}},"loc":{"start":{"line":140,"column":37},"end":{"line":156,"column":1}},"line":140},"22":{"name":"(anonymous_22)","decl":{"start":{"line":144,"column":12},"end":{"line":144,"column":13}},"loc":{"start":{"line":144,"column":29},"end":{"line":154,"column":3}},"line":144},"23":{"name":"(anonymous_23)","decl":{"start":{"line":158,"column":27},"end":{"line":158,"column":28}},"loc":{"start":{"line":158,"column":46},"end":{"line":199,"column":1}},"line":158},"24":{"name":"(anonymous_24)","decl":{"start":{"line":201,"column":30},"end":{"line":201,"column":31}},"loc":{"start":{"line":201,"column":49},"end":{"line":209,"column":1}},"line":201},"25":{"name":"(anonymous_25)","decl":{"start":{"line":211,"column":26},"end":{"line":211,"column":27}},"loc":{"start":{"line":211,"column":45},"end":{"line":219,"column":1}},"line":211},"26":{"name":"(anonymous_26)","decl":{"start":{"line":221,"column":24},"end":{"line":221,"column":25}},"loc":{"start":{"line":221,"column":30},"end":{"line":230,"column":1}},"line":221},"27":{"name":"(anonymous_27)","decl":{"start":{"line":232,"column":24},"end":{"line":232,"column":25}},"loc":{"start":{"line":232,"column":33},"end":{"line":232,"column":66}},"line":232},"28":{"name":"(anonymous_28)","decl":{"start":{"line":233,"column":27},"end":{"line":233,"column":28}},"loc":{"start":{"line":233,"column":36},"end":{"line":233,"column":57}},"line":233}},"branchMap":{"0":{"loc":{"start":{"line":4,"column":2},"end":{"line":4,"column":53}},"type":"if","locations":[{"start":{"line":4,"column":2},"end":{"line":4,"column":53}},{"start":{"line":4,"column":2},"end":{"line":4,"column":53}}],"line":4},"1":{"loc":{"start":{"line":11,"column":2},"end":{"line":13,"column":3}},"type":"if","locations":[{"start":{"line":11,"column":2},"end":{"line":13,"column":3}},{"start":{"line":11,"column":2},"end":{"line":13,"column":3}}],"line":11},"2":{"loc":{"start":{"line":14,"column":2},"end":{"line":16,"column":3}},"type":"if","locations":[{"start":{"line":14,"column":2},"end":{"line":16,"column":3}},{"start":{"line":14,"column":2},"end":{"line":16,"column":3}}],"line":14},"3":{"loc":{"start":{"line":20,"column":39},"end":{"line":20,"column":59}},"type":"cond-expr","locations":[{"start":{"line":20,"column":54},"end":{"line":20,"column":55}},{"start":{"line":20,"column":58},"end":{"line":20,"column":59}}],"line":20},"4":{"loc":{"start":{"line":24,"column":4},"end":{"line":26,"column":5}},"type":"if","locations":[{"start":{"line":24,"column":4},"end":{"line":26,"column":5}},{"start":{"line":24,"column":4},"end":{"line":26,"column":5}}],"line":24},"5":{"loc":{"start":{"line":31,"column":2},"end":{"line":31,"column":89}},"type":"cond-expr","locations":[{"start":{"line":31,"column":34},"end":{"line":31,"column":60}},{"start":{"line":31,"column":63},"end":{"line":31,"column":89}}],"line":31},"6":{"loc":{"start":{"line":35,"column":2},"end":{"line":35,"column":84}},"type":"binary-expr","locations":[{"start":{"line":35,"column":2},"end":{"line":35,"column":21}},{"start":{"line":35,"column":25},"end":{"line":35,"column":44}},{"start":{"line":35,"column":48},"end":{"line":35,"column":84}}],"line":35},"7":{"loc":{"start":{"line":43,"column":2},"end":{"line":43,"column":58}},"type":"cond-expr","locations":[{"start":{"line":43,"column":15},"end":{"line":43,"column":35}},{"start":{"line":43,"column":38},"end":{"line":43,"column":58}}],"line":43},"8":{"loc":{"start":{"line":48,"column":2},"end":{"line":50,"column":3}},"type":"if","locations":[{"start":{"line":48,"column":2},"end":{"line":50,"column":3}},{"start":{"line":48,"column":2},"end":{"line":50,"column":3}}],"line":48},"9":{"loc":{"start":{"line":55,"column":2},"end":{"line":57,"column":3}},"type":"if","locations":[{"start":{"line":55,"column":2},"end":{"line":57,"column":3}},{"start":{"line":55,"column":2},"end":{"line":57,"column":3}}],"line":55},"10":{"loc":{"start":{"line":55,"column":6},"end":{"line":55,"column":38}},"type":"binary-expr","locations":[{"start":{"line":55,"column":6},"end":{"line":55,"column":11}},{"start":{"line":55,"column":15},"end":{"line":55,"column":20}},{"start":{"line":55,"column":24},"end":{"line":55,"column":29}},{"start":{"line":55,"column":33},"end":{"line":55,"column":38}}],"line":55},"11":{"loc":{"start":{"line":66,"column":2},"end":{"line":68,"column":3}},"type":"if","locations":[{"start":{"line":66,"column":2},"end":{"line":68,"column":3}},{"start":{"line":66,"column":2},"end":{"line":68,"column":3}}],"line":66},"12":{"loc":{"start":{"line":69,"column":2},"end":{"line":71,"column":3}},"type":"if","locations":[{"start":{"line":69,"column":2},"end":{"line":71,"column":3}},{"start":{"line":69,"column":2},"end":{"line":71,"column":3}}],"line":69},"13":{"loc":{"start":{"line":72,"column":2},"end":{"line":80,"column":3}},"type":"if","locations":[{"start":{"line":72,"column":2},"end":{"line":80,"column":3}},{"start":{"line":72,"column":2},"end":{"line":80,"column":3}}],"line":72},"14":{"loc":{"start":{"line":78,"column":4},"end":{"line":78,"column":56}},"type":"if","locations":[{"start":{"line":78,"column":4},"end":{"line":78,"column":56}},{"start":{"line":78,"column":4},"end":{"line":78,"column":56}}],"line":78},"15":{"loc":{"start":{"line":98,"column":2},"end":{"line":101,"column":3}},"type":"if","locations":[{"start":{"line":98,"column":2},"end":{"line":101,"column":3}},{"start":{"line":98,"column":2},"end":{"line":101,"column":3}}],"line":98},"16":{"loc":{"start":{"line":98,"column":6},"end":{"line":98,"column":49}},"type":"binary-expr","locations":[{"start":{"line":98,"column":6},"end":{"line":98,"column":27}},{"start":{"line":98,"column":31},"end":{"line":98,"column":49}}],"line":98},"17":{"loc":{"start":{"line":108,"column":4},"end":{"line":123,"column":5}},"type":"if","locations":[{"start":{"line":108,"column":4},"end":{"line":123,"column":5}},{"start":{"line":108,"column":4},"end":{"line":123,"column":5}}],"line":108},"18":{"loc":{"start":{"line":109,"column":6},"end":{"line":122,"column":7}},"type":"if","locations":[{"start":{"line":109,"column":6},"end":{"line":122,"column":7}},{"start":{"line":109,"column":6},"end":{"line":122,"column":7}}],"line":109},"19":{"loc":{"start":{"line":118,"column":8},"end":{"line":120,"column":9}},"type":"if","locations":[{"start":{"line":118,"column":8},"end":{"line":120,"column":9}},{"start":{"line":118,"column":8},"end":{"line":120,"column":9}}],"line":118},"20":{"loc":{"start":{"line":118,"column":12},"end":{"line":118,"column":48}},"type":"binary-expr","locations":[{"start":{"line":118,"column":12},"end":{"line":118,"column":31}},{"start":{"line":118,"column":35},"end":{"line":118,"column":48}}],"line":118},"21":{"loc":{"start":{"line":128,"column":35},"end":{"line":128,"column":53}},"type":"cond-expr","locations":[{"start":{"line":128,"column":48},"end":{"line":128,"column":49}},{"start":{"line":128,"column":52},"end":{"line":128,"column":53}}],"line":128},"22":{"loc":{"start":{"line":146,"column":4},"end":{"line":150,"column":5}},"type":"if","locations":[{"start":{"line":146,"column":4},"end":{"line":150,"column":5}},{"start":{"line":146,"column":4},"end":{"line":150,"column":5}}],"line":146},"23":{"loc":{"start":{"line":151,"column":4},"end":{"line":153,"column":5}},"type":"if","locations":[{"start":{"line":151,"column":4},"end":{"line":153,"column":5}},{"start":{"line":151,"column":4},"end":{"line":153,"column":5}}],"line":151},"24":{"loc":{"start":{"line":166,"column":2},"end":{"line":168,"column":3}},"type":"if","locations":[{"start":{"line":166,"column":2},"end":{"line":168,"column":3}},{"start":{"line":166,"column":2},"end":{"line":168,"column":3}}],"line":166},"25":{"loc":{"start":{"line":169,"column":2},"end":{"line":197,"column":3}},"type":"if","locations":[{"start":{"line":169,"column":2},"end":{"line":197,"column":3}},{"start":{"line":169,"column":2},"end":{"line":197,"column":3}}],"line":169},"26":{"loc":{"start":{"line":182,"column":4},"end":{"line":184,"column":5}},"type":"if","locations":[{"start":{"line":182,"column":4},"end":{"line":184,"column":5}},{"start":{"line":182,"column":4},"end":{"line":184,"column":5}}],"line":182},"27":{"loc":{"start":{"line":203,"column":2},"end":{"line":203,"column":96}},"type":"if","locations":[{"start":{"line":203,"column":2},"end":{"line":203,"column":96}},{"start":{"line":203,"column":2},"end":{"line":203,"column":96}}],"line":203},"28":{"loc":{"start":{"line":203,"column":6},"end":{"line":203,"column":55}},"type":"binary-expr","locations":[{"start":{"line":203,"column":6},"end":{"line":203,"column":33}},{"start":{"line":203,"column":37},"end":{"line":203,"column":55}}],"line":203},"29":{"loc":{"start":{"line":204,"column":2},"end":{"line":204,"column":96}},"type":"if","locations":[{"start":{"line":204,"column":2},"end":{"line":204,"column":96}},{"start":{"line":204,"column":2},"end":{"line":204,"column":96}}],"line":204},"30":{"loc":{"start":{"line":204,"column":6},"end":{"line":204,"column":55}},"type":"binary-expr","locations":[{"start":{"line":204,"column":6},"end":{"line":204,"column":33}},{"start":{"line":204,"column":37},"end":{"line":204,"column":55}}],"line":204}},"s":{"0":2,"1":2,"2":2,"3":1,"4":1,"5":2,"6":1,"7":2,"8":4,"9":2,"10":2,"11":1,"12":1,"13":2,"14":1,"15":2,"16":1,"17":1,"18":64,"19":4,"20":1,"21":2,"22":1,"23":2,"24":1,"25":2,"26":0,"27":2,"28":0,"29":2,"30":0,"31":0,"32":0,"33":2,"34":0,"35":0,"36":0,"37":2,"38":0,"39":0,"40":0,"41":0,"42":0,"43":0,"44":0,"45":0,"46":0,"47":0,"48":0,"49":0,"50":0,"51":0,"52":0,"53":0,"54":2,"55":0,"56":0,"57":0,"58":0,"59":2,"60":0,"61":0,"62":0,"63":0,"64":2,"65":0,"66":0,"67":0,"68":0,"69":0,"70":0,"71":0,"72":0,"73":0,"74":0,"75":2,"76":0,"77":2,"78":0,"79":0,"80":0,"81":0,"82":2,"83":0,"84":0,"85":0,"86":0,"87":0,"88":0,"89":0,"90":0,"91":0,"92":0,"93":0,"94":2,"95":0,"96":0,"97":0,"98":0,"99":0,"100":0,"101":0,"102":0,"103":0,"104":0,"105":0,"106":0,"107":0,"108":0,"109":0,"110":0,"111":0,"112":0,"113":0,"114":0,"115":2,"116":0,"117":0,"118":0,"119":0,"120":0,"121":0,"122":2,"123":0,"124":0,"125":2,"126":0,"127":2,"128":0,"129":2,"130":0},"f":{"0":2,"1":1,"2":4,"3":1,"4":1,"5":64,"6":1,"7":1,"8":0,"9":0,"10":0,"11":0,"12":0,"13":0,"14":0,"15":0,"16":0,"17":0,"18":0,"19":0,"20":0,"21":0,"22":0,"23":0,"24":0,"25":0,"26":0,"27":0,"28":0},"b":{"0":[1,1],"1":[2,2],"2":[1,1],"3":[1,0],"4":[4,60],"5":[0,1],"6":[1,1,1],"7":[0,0],"8":[0,0],"9":[0,0],"10":[0,0,0,0],"11":[0,0],"12":[0,0],"13":[0,0],"14":[0,0],"15":[0,0],"16":[0,0],"17":[0,0],"18":[0,0],"19":[0,0],"20":[0,0],"21":[0,0],"22":[0,0],"23":[0,0],"24":[0,0],"25":[0,0],"26":[0,0],"27":[0,0],"28":[0,0],"29":[0,0],"30":[0,0]},"_coverageSchema":"332fd63041d2c1bcb487cc26dd0d5f7d97098a6c","hash":"7525c3871c86acca8f2531676e15b494c61137a0"}
,"/home/arzion-lenovo1/Documents/Gianfranco/reverdux/src/reducers/game.js": {"path":"/home/arzion-lenovo1/Documents/Gianfranco/reverdux/src/reducers/game.js","statementMap":{"0":{"start":{"line":1,"column":0},"end":{"line":null,"column":-1}},"1":{"start":{"line":2,"column":0},"end":{"line":null,"column":-1}},"2":{"start":{"line":11,"column":0},"end":{"line":null,"column":-1}},"3":{"start":{"line":12,"column":0},"end":{"line":null,"column":-1}},"4":{"start":{"line":14,"column":50},"end":{"line":14,"column":49}},"5":{"start":{"line":14,"column":50},"end":{"line":null,"column":-1}},"6":{"start":{"line":15,"column":2},"end":{"line":null,"column":-1}},"7":{"start":{"line":17,"column":6},"end":{"line":null,"column":-1}},"8":{"start":{"line":27,"column":6},"end":{"line":null,"column":-1}},"9":{"start":{"line":32,"column":6},"end":{"line":null,"column":-1}},"10":{"start":{"line":37,"column":6},"end":{"line":null,"column":-1}},"11":{"start":{"line":40,"column":6},"end":{"line":null,"column":-1}},"12":{"start":{"line":43,"column":6},"end":{"line":null,"column":-1}},"13":{"start":{"line":45,"column":6},"end":{"line":null,"column":-1}},"14":{"start":{"line":47,"column":6},"end":{"line":null,"column":-1}}},"fnMap":{"0":{"name":"reversiApp","decl":{"start":{"line":14,"column":9},"end":{"line":14,"column":0}},"loc":{"start":{"line":14,"column":50},"end":{"line":49,"column":1}}}},"branchMap":{"0":{"loc":{"start":{"line":14,"column":50},"end":{"line":14,"column":27}},"type":"cond-expr","locations":[{"start":{"line":14,"column":50},"end":{"line":14,"column":27}},{"start":{"line":14,"column":28},"end":{"line":14,"column":50}}]},"1":{"loc":{"start":{"line":14,"column":50},"end":{"line":14,"column":27}},"type":"binary-expr","locations":[{"start":{"line":14,"column":50},"end":{"line":14,"column":27}},{"start":{"line":14,"column":50},"end":{"line":14,"column":27}}]},"2":{"loc":{"start":{"line":16,"column":4},"end":{"line":17,"column":6}},"type":"switch","locations":[{"start":{"line":16,"column":4},"end":{"line":17,"column":6}},{"start":{"line":26,"column":4},"end":{"line":27,"column":6}},{"start":{"line":31,"column":4},"end":{"line":32,"column":6}},{"start":{"line":36,"column":4},"end":{"line":37,"column":6}},{"start":{"line":39,"column":4},"end":{"line":40,"column":6}},{"start":{"line":42,"column":4},"end":{"line":43,"column":6}},{"start":{"line":44,"column":4},"end":{"line":45,"column":6}},{"start":{"line":46,"column":4},"end":{"line":47,"column":6}}]}},"s":{"0":0,"1":0,"2":0,"3":0,"4":0,"5":0,"6":0,"7":0,"8":0,"9":0,"10":0,"11":0,"12":0,"13":0,"14":0},"f":{"0":0},"b":{"0":[0,0],"1":[0,0],"2":[0,0,0,0,0,0,0,0]}}
,"/home/arzion-lenovo1/Documents/Gianfranco/reverdux/src/reducers/store.js": {"path":"/home/arzion-lenovo1/Documents/Gianfranco/reverdux/src/reducers/store.js","statementMap":{"0":{"start":{"line":1,"column":0},"end":{"line":null,"column":-1}},"1":{"start":{"line":2,"column":0},"end":{"line":null,"column":-1}},"2":{"start":{"line":3,"column":0},"end":{"line":null,"column":-1}},"3":{"start":{"line":5,"column":13},"end":{"line":5,"column":7}},"4":{"start":{"line":32,"column":14},"end":{"line":32,"column":0}}},"fnMap":{},"branchMap":{"0":{"loc":{"start":{"line":35,"column":2},"end":{"line":35,"column":1}},"type":"binary-expr","locations":[{"start":{"line":35,"column":2},"end":{"line":35,"column":1}},{"start":{"line":35,"column":41},"end":{"line":32,"column":14}}]}},"s":{"0":0,"1":0,"2":0,"3":0,"4":0},"f":{},"b":{"0":[0,0]}}
}
