TN:
SF:/home/arzion-lenovo1/Documents/Gianfranco/reverdux/src/actions/actionTypes.js
FNF:0
FNH:0
DA:1,2
DA:2,2
DA:3,2
DA:4,2
DA:5,2
DA:6,2
DA:7,2
LF:7
LH:7
BRF:0
BRH:0
end_of_record
TN:
SF:/home/arzion-lenovo1/Documents/Gianfranco/reverdux/src/actions/gameActions.js
FN:11,switchTurn
FN:17,makeMove
FN:24,newGame
FN:30,pause
FN:36,playerName
FN:44,showRecord
FN:51,restartGame
FNF:7
FNH:7
FNDA:1,switchTurn
FNDA:1,makeMove
FNDA:1,newGame
FNDA:1,pause
FNDA:1,playerName
FNDA:1,showRecord
FNDA:1,restartGame
DA:12,1
DA:18,1
DA:25,1
DA:31,1
DA:37,1
DA:45,1
DA:52,1
LF:7
LH:7
BRF:0
BRH:0
end_of_record
TN:
SF:/home/arzion-lenovo1/Documents/Gianfranco/reverdux/src/components/app-layout.js
FN:5,AppLayout
FNF:1
FNH:0
FNDA:0,AppLayout
DA:1,0
DA:2,0
DA:3,0
DA:7,0
DA:8,0
DA:11,0
DA:25,0
LF:7
LH:0
BRF:0
BRH:0
end_of_record
TN:
SF:/home/arzion-lenovo1/Documents/Gianfranco/reverdux/src/components/board-layout.js
FN:6,Board
FNF:1
FNH:0
FNDA:0,Board
DA:1,0
DA:2,0
DA:4,0
DA:8,0
DA:9,0
DA:12,0
DA:17,0
LF:7
LH:0
BRF:0
BRH:0
end_of_record
TN:
SF:/home/arzion-lenovo1/Documents/Gianfranco/reverdux/src/components/board.js
FN:7,Board
FN:14,(anonymous_2)
FNF:2
FNH:0
FNDA:0,Board
FNDA:0,(anonymous_2)
DA:1,0
DA:2,0
DA:3,0
DA:4,0
DA:5,0
DA:9,0
DA:10,0
DA:13,0
DA:14,0
DA:18,0
DA:23,0
LF:11
LH:0
BRF:0
BRH:0
end_of_record
TN:
SF:/home/arzion-lenovo1/Documents/Gianfranco/reverdux/src/components/button.js
FN:5,Button
FN:13,handlerKeyDown
FNF:2
FNH:0
FNDA:0,Button
FNDA:0,handlerKeyDown
DA:1,0
DA:2,0
DA:3,0
DA:7,0
DA:8,0
DA:12,0
DA:13,0
DA:14,0
DA:15,0
DA:18,0
DA:34,0
LF:11
LH:0
BRDA:14,0,0,0
BRDA:14,0,1,0
BRF:2
BRH:0
end_of_record
TN:
SF:/home/arzion-lenovo1/Documents/Gianfranco/reverdux/src/components/cell.js
FN:6,Cell
FN:12,(anonymous_1)
FN:25,(anonymous_2)
FNF:3
FNH:1
FNDA:1,Cell
FNDA:0,(anonymous_1)
FNDA:0,(anonymous_2)
DA:9,1
DA:12,1
DA:13,0
DA:14,0
DA:17,1
DA:18,1
DA:20,1
DA:25,0
DA:35,1
LF:9
LH:6
BRDA:13,0,0,0
BRDA:13,0,1,0
BRDA:18,1,0,0
BRDA:18,1,1,1
BRF:4
BRH:1
end_of_record
TN:
SF:/home/arzion-lenovo1/Documents/Gianfranco/reverdux/src/components/game-layout.js
FN:11,GameLayout
FNF:1
FNH:0
FNDA:0,GameLayout
DA:1,0
DA:2,0
DA:3,0
DA:4,0
DA:5,0
DA:6,0
DA:7,0
DA:8,0
DA:9,0
DA:13,0
DA:14,0
DA:45,0
LF:12
LH:0
BRDA:22,0,0,0
BRDA:22,0,1,0
BRF:2
BRH:0
end_of_record
TN:
SF:/home/arzion-lenovo1/Documents/Gianfranco/reverdux/src/components/menu.js
FN:8,Menu
FNF:1
FNH:0
FNDA:0,Menu
DA:1,0
DA:2,0
DA:3,0
DA:4,0
DA:5,0
DA:6,0
DA:10,0
DA:11,0
DA:45,0
LF:9
LH:0
BRDA:12,0,0,0
BRDA:12,0,1,0
BRDA:11,1,0,0
BRDA:11,1,1,0
BRF:4
BRH:0
end_of_record
TN:
SF:/home/arzion-lenovo1/Documents/Gianfranco/reverdux/src/components/player-input.js
FN:5,PlayerInput
FN:16,onKeyUp
FNF:2
FNH:0
FNDA:0,PlayerInput
FNDA:0,onKeyUp
DA:1,0
DA:2,0
DA:3,0
DA:5,0
DA:6,0
DA:8,0
DA:16,0
DA:25,0
LF:8
LH:0
BRF:0
BRH:0
end_of_record
TN:
SF:/home/arzion-lenovo1/Documents/Gianfranco/reverdux/src/components/record-board.js
FN:7,RecordBoard
FNF:1
FNH:0
FNDA:0,RecordBoard
DA:1,0
DA:2,0
DA:3,0
DA:4,0
DA:5,0
DA:7,0
DA:8,0
DA:9,0
DA:24,0
LF:9
LH:0
BRF:0
BRH:0
end_of_record
TN:
SF:/home/arzion-lenovo1/Documents/Gianfranco/reverdux/src/components/records.js
FN:7,BoardRecords
FN:10,colorBadge
FN:25,(anonymous_3)
FN:30,onClick
FN:31,onKeyDown
FNF:5
FNH:0
FNDA:0,BoardRecords
FNDA:0,colorBadge
FNDA:0,(anonymous_3)
FNDA:0,onClick
FNDA:0,onKeyDown
DA:1,0
DA:2,0
DA:3,0
DA:4,0
DA:5,0
DA:9,0
DA:10,0
DA:11,0
DA:12,0
DA:13,0
DA:14,0
DA:15,0
DA:18,0
DA:25,0
DA:30,0
DA:31,0
DA:48,0
LF:17
LH:0
BRDA:12,0,0,0
BRDA:12,0,1,0
BRDA:13,1,0,0
BRDA:13,1,1,0
BRDA:14,2,0,0
BRDA:14,2,1,0
BRDA:37,3,0,0
BRDA:37,3,1,0
BRF:8
BRH:0
end_of_record
TN:
SF:/home/arzion-lenovo1/Documents/Gianfranco/reverdux/src/components/score.js
FN:5,Score
FNF:1
FNH:0
FNDA:0,Score
DA:1,0
DA:2,0
DA:3,0
DA:5,0
DA:6,0
DA:33,0
LF:6
LH:0
BRF:0
BRH:0
end_of_record
TN:
SF:/home/arzion-lenovo1/Documents/Gianfranco/reverdux/src/components/turn.js
FN:8,Turn
FN:13,actions
FNF:2
FNH:0
FNDA:0,Turn
FNDA:0,actions
DA:1,0
DA:2,0
DA:3,0
DA:4,0
DA:5,0
DA:6,0
DA:10,0
DA:11,0
DA:16,0
DA:20,0
DA:26,0
DA:30,0
DA:31,0
DA:32,0
DA:65,0
LF:15
LH:0
BRDA:30,0,0,0
BRDA:30,0,1,0
BRDA:33,1,0,0
BRDA:33,1,1,0
BRF:4
BRH:0
end_of_record
TN:
SF:/home/arzion-lenovo1/Documents/Gianfranco/reverdux/src/components/winner-message.js
FN:6,WinnerMessage
FNF:1
FNH:0
FNDA:0,WinnerMessage
DA:1,0
DA:2,0
DA:3,0
DA:4,0
DA:6,0
DA:7,0
DA:11,0
DA:15,0
DA:29,0
LF:9
LH:0
BRF:0
BRH:0
end_of_record
TN:
SF:/home/arzion-lenovo1/Documents/Gianfranco/reverdux/src/containers/game.js
FN:59,mapStateToProps
FN:76,(anonymous_12)
FNF:2
FNH:0
FNDA:0,mapStateToProps
FNDA:0,(anonymous_12)
DA:1,0
DA:2,0
DA:3,0
DA:4,0
DA:5,0
DA:6,0
DA:7,0
DA:8,0
DA:9,0
DA:10,0
DA:13,0
DA:19,0
DA:20,0
DA:21,0
DA:22,0
DA:59,0
DA:76,0
DA:81,0
LF:18
LH:0
BRDA:20,0,0,0
BRDA:20,0,1,0
BRDA:20,0,2,0
BRDA:21,1,0,0
BRDA:21,1,1,0
BRDA:21,1,2,0
BRDA:24,2,0,0
BRDA:24,2,1,0
BRDA:34,3,0,0
BRDA:34,3,1,0
BRDA:41,4,0,0
BRDA:41,4,1,0
BRF:12
BRH:0
end_of_record
TN:
SF:/home/arzion-lenovo1/Documents/Gianfranco/reverdux/src/libs/board-libs.js
FN:3,(anonymous_0)
FN:8,(anonymous_1)
FN:10,(anonymous_2)
FN:20,(anonymous_3)
FN:21,(anonymous_4)
FN:23,(anonymous_5)
FN:30,(anonymous_6)
FN:34,(anonymous_7)
FN:38,(anonymous_8)
FN:42,(anonymous_9)
FN:46,(anonymous_10)
FN:54,(anonymous_11)
FN:61,(anonymous_12)
FN:83,(anonymous_13)
FN:84,(anonymous_14)
FN:96,(anonymous_15)
FN:105,(anonymous_16)
FN:107,(anonymous_17)
FN:128,(anonymous_18)
FN:130,(anonymous_19)
FN:132,(anonymous_20)
FN:133,(anonymous_21)
FN:137,(anonymous_22)
FN:141,(anonymous_23)
FN:155,(anonymous_24)
FN:198,(anonymous_25)
FN:208,(anonymous_26)
FN:218,(anonymous_27)
FN:229,(anonymous_28)
FN:230,(anonymous_29)
FNF:30
FNH:16
FNDA:2,(anonymous_0)
FNDA:1,(anonymous_1)
FNDA:4,(anonymous_2)
FNDA:2,(anonymous_3)
FNDA:3,(anonymous_4)
FNDA:192,(anonymous_5)
FNDA:2,(anonymous_6)
FNDA:1,(anonymous_7)
FNDA:1,(anonymous_8)
FNDA:2,(anonymous_9)
FNDA:2,(anonymous_10)
FNDA:4,(anonymous_11)
FNDA:0,(anonymous_12)
FNDA:0,(anonymous_13)
FNDA:0,(anonymous_14)
FNDA:2,(anonymous_15)
FNDA:0,(anonymous_16)
FNDA:0,(anonymous_17)
FNDA:2,(anonymous_18)
FNDA:0,(anonymous_19)
FNDA:0,(anonymous_20)
FNDA:0,(anonymous_21)
FNDA:0,(anonymous_22)
FNDA:0,(anonymous_23)
FNDA:0,(anonymous_24)
FNDA:3,(anonymous_25)
FNDA:1,(anonymous_26)
FNDA:0,(anonymous_27)
FNDA:0,(anonymous_28)
FNDA:0,(anonymous_29)
DA:1,2
DA:3,2
DA:4,2
DA:5,1
DA:8,2
DA:10,2
DA:11,4
DA:12,2
DA:14,2
DA:15,1
DA:17,1
DA:20,2
DA:21,2
DA:22,3
DA:23,3
DA:24,192
DA:25,9
DA:28,3
DA:30,2
DA:31,2
DA:34,2
DA:35,1
DA:38,2
DA:42,2
DA:43,2
DA:46,2
DA:48,2
DA:49,1
DA:51,1
DA:54,2
DA:55,4
DA:56,2
DA:58,2
DA:61,2
DA:62,0
DA:63,0
DA:64,0
DA:66,0
DA:67,0
DA:69,0
DA:70,0
DA:72,0
DA:73,0
DA:74,0
DA:75,0
DA:76,0
DA:77,0
DA:78,0
DA:79,0
DA:83,2
DA:84,0
DA:85,0
DA:86,0
DA:87,0
DA:96,2
DA:97,2
DA:98,2
DA:100,0
DA:102,2
DA:105,2
DA:106,0
DA:107,0
DA:108,0
DA:109,0
DA:110,0
DA:111,0
DA:118,0
DA:119,0
DA:121,0
DA:125,0
DA:128,2
DA:130,2
DA:132,0
DA:133,0
DA:137,2
DA:138,0
DA:139,0
DA:141,0
DA:142,0
DA:143,0
DA:144,0
DA:145,0
DA:146,0
DA:148,0
DA:149,0
DA:152,0
DA:155,2
DA:156,0
DA:157,0
DA:158,0
DA:159,0
DA:160,0
DA:162,0
DA:163,0
DA:164,0
DA:166,0
DA:167,0
DA:168,0
DA:169,0
DA:171,0
DA:172,0
DA:178,0
DA:179,0
DA:180,0
DA:182,0
DA:184,0
DA:195,0
DA:198,2
DA:199,3
DA:200,3
DA:201,3
DA:202,3
DA:208,2
DA:209,1
DA:210,1
DA:218,2
DA:229,2
DA:230,2
LF:118
LH:55
BRDA:4,0,0,1
BRDA:4,0,1,1
BRDA:11,1,0,2
BRDA:11,1,1,2
BRDA:14,2,0,1
BRDA:14,2,1,1
BRDA:20,3,0,1
BRDA:20,3,1,1
BRDA:24,4,0,9
BRDA:24,4,1,183
BRDA:31,5,0,1
BRDA:31,5,1,1
BRDA:35,6,0,1
BRDA:35,6,1,1
BRDA:35,6,2,1
BRDA:43,7,0,1
BRDA:43,7,1,1
BRDA:48,8,0,1
BRDA:48,8,1,1
BRDA:55,9,0,2
BRDA:55,9,1,2
BRDA:55,10,0,4
BRDA:55,10,1,4
BRDA:55,10,2,4
BRDA:55,10,3,3
BRDA:66,11,0,0
BRDA:66,11,1,0
BRDA:69,12,0,0
BRDA:69,12,1,0
BRDA:72,13,0,0
BRDA:72,13,1,0
BRDA:78,14,0,0
BRDA:78,14,1,0
BRDA:98,15,0,0
BRDA:98,15,1,2
BRDA:98,16,0,2
BRDA:98,16,1,1
BRDA:108,17,0,0
BRDA:108,17,1,0
BRDA:109,18,0,0
BRDA:109,18,1,0
BRDA:118,19,0,0
BRDA:118,19,1,0
BRDA:118,20,0,0
BRDA:118,20,1,0
BRDA:128,21,0,1
BRDA:128,21,1,1
BRDA:133,22,0,0
BRDA:133,22,1,0
BRDA:143,23,0,0
BRDA:143,23,1,0
BRDA:148,24,0,0
BRDA:148,24,1,0
BRDA:163,25,0,0
BRDA:163,25,1,0
BRDA:166,26,0,0
BRDA:166,26,1,0
BRDA:179,27,0,0
BRDA:179,27,1,0
BRDA:200,28,0,1
BRDA:200,28,1,2
BRDA:200,29,0,3
BRDA:200,29,1,1
BRDA:201,30,0,1
BRDA:201,30,1,2
BRDA:201,31,0,3
BRDA:201,31,1,2
BRF:67
BRH:38
end_of_record
TN:
SF:/home/arzion-lenovo1/Documents/Gianfranco/reverdux/src/reducers/game.js
FN:14,reversiApp
FNF:1
FNH:1
FNDA:1,reversiApp
DA:15,1
DA:17,0
DA:27,0
DA:32,0
DA:37,0
DA:40,0
DA:43,0
DA:45,0
DA:47,1
LF:9
LH:2
BRDA:14,0,0,0
BRDA:15,1,0,0
BRDA:15,1,1,0
BRDA:15,1,2,0
BRDA:15,1,3,0
BRDA:15,1,4,0
BRDA:15,1,5,0
BRDA:15,1,6,0
BRDA:15,1,7,1
BRF:9
BRH:1
end_of_record
TN:
SF:/home/arzion-lenovo1/Documents/Gianfranco/reverdux/src/reducers/store.js
FNF:0
FNH:0
DA:5,1
DA:32,1
LF:2
LH:2
BRDA:35,0,0,1
BRDA:35,0,1,0
BRF:2
BRH:1
end_of_record
